<?xml version="1.0" encoding="UTF-8"?>
<coverage generated="1748282413395" clover="3.2.0">
  <project timestamp="1748282413395" name="All files">
    <metrics statements="161" coveredstatements="157" conditionals="39" coveredconditionals="27" methods="19" coveredmethods="14" elements="219" coveredelements="198" complexity="0" loc="161" ncloc="161" packages="1" files="1" classes="1"/>
    <file name="CadastroProduto.jsx" path="C:\Projetos\estoque-premium\src\pages\CadastroProduto\CadastroProduto.jsx">
      <metrics statements="161" coveredstatements="157" conditionals="39" coveredconditionals="27" methods="19" coveredmethods="14"/>
      <line num="1" count="1" type="stmt"/>
      <line num="2" count="9" type="cond" truecount="18" falsecount="11"/>
      <line num="3" count="1" type="stmt"/>
      <line num="4" count="1" type="stmt"/>
      <line num="5" count="1" type="stmt"/>
      <line num="6" count="1" type="cond" truecount="1" falsecount="0"/>
      <line num="7" count="9" type="stmt"/>
      <line num="8" count="9" type="stmt"/>
      <line num="9" count="9" type="stmt"/>
      <line num="10" count="9" type="stmt"/>
      <line num="11" count="9" type="stmt"/>
      <line num="12" count="9" type="stmt"/>
      <line num="13" count="9" type="stmt"/>
      <line num="14" count="9" type="stmt"/>
      <line num="15" count="9" type="stmt"/>
      <line num="16" count="9" type="stmt"/>
      <line num="17" count="9" type="cond" truecount="1" falsecount="0"/>
      <line num="18" count="7" type="stmt"/>
      <line num="19" count="7" type="cond" truecount="1" falsecount="0"/>
      <line num="20" count="7" type="stmt"/>
      <line num="21" count="7" type="stmt"/>
      <line num="22" count="7" type="stmt"/>
      <line num="23" count="9" type="stmt"/>
      <line num="24" count="9" type="stmt"/>
      <line num="25" count="9" type="cond" truecount="5" falsecount="0"/>
      <line num="26" count="1" type="stmt"/>
      <line num="27" count="1" type="stmt"/>
      <line num="28" count="1" type="stmt"/>
      <line num="29" count="1" type="stmt"/>
      <line num="30" count="1" type="stmt"/>
      <line num="31" count="1" type="stmt"/>
      <line num="32" count="1" type="stmt"/>
      <line num="33" count="1" type="stmt"/>
      <line num="34" count="1" type="stmt"/>
      <line num="35" count="1" type="stmt"/>
      <line num="36" count="1" type="stmt"/>
      <line num="37" count="1" type="stmt"/>
      <line num="38" count="1" type="cond" truecount="1" falsecount="0"/>
      <line num="39" count="1" type="stmt"/>
      <line num="40" count="1" type="stmt"/>
      <line num="41" count="1" type="stmt"/>
      <line num="42" count="1" type="stmt"/>
      <line num="43" count="1" type="stmt"/>
      <line num="44" count="1" type="stmt"/>
      <line num="45" count="1" type="stmt"/>
      <line num="46" count="1" type="stmt"/>
      <line num="47" count="1" type="stmt"/>
      <line num="48" count="1" type="stmt"/>
      <line num="49" count="1" type="stmt"/>
      <line num="50" count="1" type="stmt"/>
      <line num="51" count="0" type="cond" truecount="0" falsecount="1"/>
      <line num="52" count="0" type="stmt"/>
      <line num="53" count="0" type="stmt"/>
      <line num="54" count="0" type="stmt"/>
      <line num="55" count="9" type="stmt"/>
      <line num="56" count="9" type="stmt"/>
      <line num="57" count="9" type="stmt"/>
      <line num="58" count="9" type="stmt"/>
      <line num="59" count="9" type="stmt"/>
      <line num="60" count="9" type="stmt"/>
      <line num="61" count="9" type="stmt"/>
      <line num="62" count="9" type="stmt"/>
      <line num="63" count="9" type="stmt"/>
      <line num="64" count="9" type="stmt"/>
      <line num="65" count="9" type="stmt"/>
      <line num="66" count="9" type="stmt"/>
      <line num="67" count="9" type="stmt"/>
      <line num="68" count="9" type="stmt"/>
      <line num="69" count="9" type="stmt"/>
      <line num="70" count="9" type="stmt"/>
      <line num="71" count="9" type="stmt"/>
      <line num="72" count="9" type="stmt"/>
      <line num="73" count="9" type="stmt"/>
      <line num="74" count="9" type="stmt"/>
      <line num="75" count="9" type="stmt"/>
      <line num="76" count="9" type="stmt"/>
      <line num="77" count="9" type="stmt"/>
      <line num="78" count="9" type="stmt"/>
      <line num="79" count="9" type="stmt"/>
      <line num="80" count="9" type="stmt"/>
      <line num="81" count="9" type="stmt"/>
      <line num="82" count="9" type="stmt"/>
      <line num="83" count="9" type="stmt"/>
      <line num="84" count="9" type="stmt"/>
      <line num="85" count="9" type="stmt"/>
      <line num="86" count="9" type="stmt"/>
      <line num="87" count="9" type="stmt"/>
      <line num="88" count="9" type="stmt"/>
      <line num="89" count="9" type="stmt"/>
      <line num="90" count="9" type="stmt"/>
      <line num="91" count="9" type="stmt"/>
      <line num="92" count="9" type="stmt"/>
      <line num="93" count="9" type="stmt"/>
      <line num="94" count="9" type="stmt"/>
      <line num="95" count="9" type="stmt"/>
      <line num="96" count="9" type="stmt"/>
      <line num="97" count="9" type="stmt"/>
      <line num="98" count="9" type="stmt"/>
      <line num="99" count="9" type="stmt"/>
      <line num="100" count="9" type="stmt"/>
      <line num="101" count="9" type="stmt"/>
      <line num="102" count="9" type="stmt"/>
      <line num="103" count="9" type="stmt"/>
      <line num="104" count="9" type="stmt"/>
      <line num="105" count="9" type="stmt"/>
      <line num="106" count="9" type="stmt"/>
      <line num="107" count="9" type="stmt"/>
      <line num="108" count="9" type="stmt"/>
      <line num="109" count="9" type="stmt"/>
      <line num="110" count="9" type="stmt"/>
      <line num="111" count="9" type="stmt"/>
      <line num="112" count="9" type="stmt"/>
      <line num="113" count="9" type="stmt"/>
      <line num="114" count="9" type="stmt"/>
      <line num="115" count="9" type="stmt"/>
      <line num="116" count="9" type="stmt"/>
      <line num="117" count="9" type="stmt"/>
      <line num="118" count="9" type="stmt"/>
      <line num="119" count="9" type="stmt"/>
      <line num="120" count="9" type="stmt"/>
      <line num="121" count="9" type="stmt"/>
      <line num="122" count="9" type="stmt"/>
      <line num="123" count="9" type="stmt"/>
      <line num="124" count="9" type="stmt"/>
      <line num="125" count="9" type="stmt"/>
      <line num="126" count="9" type="stmt"/>
      <line num="127" count="9" type="stmt"/>
      <line num="128" count="9" type="stmt"/>
      <line num="129" count="9" type="stmt"/>
      <line num="130" count="9" type="stmt"/>
      <line num="131" count="9" type="stmt"/>
      <line num="132" count="9" type="stmt"/>
      <line num="133" count="9" type="stmt"/>
      <line num="134" count="9" type="stmt"/>
      <line num="135" count="9" type="stmt"/>
      <line num="136" count="9" type="stmt"/>
      <line num="137" count="9" type="stmt"/>
      <line num="138" count="9" type="stmt"/>
      <line num="139" count="9" type="stmt"/>
      <line num="140" count="9" type="stmt"/>
      <line num="141" count="9" type="stmt"/>
      <line num="142" count="9" type="stmt"/>
      <line num="143" count="9" type="stmt"/>
      <line num="144" count="9" type="stmt"/>
      <line num="145" count="9" type="stmt"/>
      <line num="146" count="9" type="stmt"/>
      <line num="147" count="9" type="stmt"/>
      <line num="148" count="9" type="stmt"/>
      <line num="149" count="9" type="stmt"/>
      <line num="150" count="9" type="stmt"/>
      <line num="151" count="9" type="stmt"/>
      <line num="152" count="9" type="stmt"/>
      <line num="153" count="9" type="stmt"/>
      <line num="154" count="9" type="stmt"/>
      <line num="155" count="9" type="stmt"/>
      <line num="156" count="9" type="stmt"/>
      <line num="157" count="9" type="stmt"/>
      <line num="158" count="9" type="stmt"/>
      <line num="159" count="9" type="stmt"/>
      <line num="160" count="9" type="stmt"/>
      <line num="161" count="9" type="stmt"/>
    </file>
  </project>
</coverage>
