{"C:\\Projetos\\estoque-premium\\src\\pages\\CadastroProduto\\CadastroProduto.jsx": {"path":"C:\\Projetos\\estoque-premium\\src\\pages\\CadastroProduto\\CadastroProduto.jsx","all":false,"statementMap":{"0":{"start":{"line":1,"column":0},"end":{"line":1,"column":40}},"1":{"start":{"line":2,"column":0},"end":{"line":2,"column":31}},"2":{"start":{"line":3,"column":0},"end":{"line":3,"column":36}},"3":{"start":{"line":4,"column":0},"end":{"line":4,"column":56}},"4":{"start":{"line":5,"column":0},"end":{"line":5,"column":0}},"5":{"start":{"line":6,"column":0},"end":{"line":6,"column":43}},"6":{"start":{"line":7,"column":0},"end":{"line":7,"column":42}},"7":{"start":{"line":8,"column":0},"end":{"line":8,"column":13}},"8":{"start":{"line":9,"column":0},"end":{"line":9,"column":15}},"9":{"start":{"line":10,"column":0},"end":{"line":10,"column":14}},"10":{"start":{"line":11,"column":0},"end":{"line":11,"column":19}},"11":{"start":{"line":12,"column":0},"end":{"line":12,"column":25}},"12":{"start":{"line":13,"column":0},"end":{"line":13,"column":17}},"13":{"start":{"line":14,"column":0},"end":{"line":14,"column":25}},"14":{"start":{"line":15,"column":0},"end":{"line":15,"column":5}},"15":{"start":{"line":16,"column":0},"end":{"line":16,"column":0}},"16":{"start":{"line":17,"column":0},"end":{"line":17,"column":31}},"17":{"start":{"line":18,"column":0},"end":{"line":18,"column":37}},"18":{"start":{"line":19,"column":0},"end":{"line":19,"column":34}},"19":{"start":{"line":20,"column":0},"end":{"line":20,"column":21}},"20":{"start":{"line":21,"column":0},"end":{"line":21,"column":19}},"21":{"start":{"line":22,"column":0},"end":{"line":22,"column":8}},"22":{"start":{"line":23,"column":0},"end":{"line":23,"column":4}},"23":{"start":{"line":24,"column":0},"end":{"line":24,"column":0}},"24":{"start":{"line":25,"column":0},"end":{"line":25,"column":37}},"25":{"start":{"line":26,"column":0},"end":{"line":26,"column":23}},"26":{"start":{"line":27,"column":0},"end":{"line":27,"column":0}},"27":{"start":{"line":28,"column":0},"end":{"line":28,"column":9}},"28":{"start":{"line":29,"column":0},"end":{"line":29,"column":48}},"29":{"start":{"line":30,"column":0},"end":{"line":30,"column":27}},"30":{"start":{"line":31,"column":0},"end":{"line":31,"column":31}},"31":{"start":{"line":32,"column":0},"end":{"line":32,"column":41}},"32":{"start":{"line":33,"column":0},"end":{"line":33,"column":51}},"33":{"start":{"line":34,"column":0},"end":{"line":34,"column":61}},"34":{"start":{"line":35,"column":0},"end":{"line":35,"column":45}},"35":{"start":{"line":36,"column":0},"end":{"line":36,"column":63}},"36":{"start":{"line":37,"column":0},"end":{"line":37,"column":29}},"37":{"start":{"line":38,"column":0},"end":{"line":38,"column":9}},"38":{"start":{"line":39,"column":0},"end":{"line":39,"column":0}},"39":{"start":{"line":40,"column":0},"end":{"line":40,"column":47}},"40":{"start":{"line":41,"column":0},"end":{"line":41,"column":0}},"41":{"start":{"line":42,"column":0},"end":{"line":42,"column":18}},"42":{"start":{"line":43,"column":0},"end":{"line":43,"column":17}},"43":{"start":{"line":44,"column":0},"end":{"line":44,"column":19}},"44":{"start":{"line":45,"column":0},"end":{"line":45,"column":18}},"45":{"start":{"line":46,"column":0},"end":{"line":46,"column":23}},"46":{"start":{"line":47,"column":0},"end":{"line":47,"column":29}},"47":{"start":{"line":48,"column":0},"end":{"line":48,"column":21}},"48":{"start":{"line":49,"column":0},"end":{"line":49,"column":29}},"49":{"start":{"line":50,"column":0},"end":{"line":50,"column":9}},"50":{"start":{"line":51,"column":0},"end":{"line":51,"column":0}},"51":{"start":{"line":52,"column":0},"end":{"line":52,"column":21}},"52":{"start":{"line":53,"column":0},"end":{"line":53,"column":57}},"53":{"start":{"line":54,"column":0},"end":{"line":54,"column":42}},"54":{"start":{"line":55,"column":0},"end":{"line":55,"column":5}},"55":{"start":{"line":56,"column":0},"end":{"line":56,"column":4}},"56":{"start":{"line":57,"column":0},"end":{"line":57,"column":0}},"57":{"start":{"line":58,"column":0},"end":{"line":58,"column":10}},"58":{"start":{"line":59,"column":0},"end":{"line":59,"column":35}},"59":{"start":{"line":60,"column":0},"end":{"line":60,"column":42}},"60":{"start":{"line":61,"column":0},"end":{"line":61,"column":36}},"61":{"start":{"line":62,"column":0},"end":{"line":62,"column":64}},"62":{"start":{"line":63,"column":0},"end":{"line":63,"column":38}},"63":{"start":{"line":64,"column":0},"end":{"line":64,"column":59}},"64":{"start":{"line":65,"column":0},"end":{"line":65,"column":18}},"65":{"start":{"line":66,"column":0},"end":{"line":66,"column":23}},"66":{"start":{"line":67,"column":0},"end":{"line":67,"column":25}},"67":{"start":{"line":68,"column":0},"end":{"line":68,"column":25}},"68":{"start":{"line":69,"column":0},"end":{"line":69,"column":34}},"69":{"start":{"line":70,"column":0},"end":{"line":70,"column":37}},"70":{"start":{"line":71,"column":0},"end":{"line":71,"column":52}},"71":{"start":{"line":72,"column":0},"end":{"line":72,"column":22}},"72":{"start":{"line":73,"column":0},"end":{"line":73,"column":14}},"73":{"start":{"line":74,"column":0},"end":{"line":74,"column":16}},"74":{"start":{"line":75,"column":0},"end":{"line":75,"column":0}},"75":{"start":{"line":76,"column":0},"end":{"line":76,"column":38}},"76":{"start":{"line":77,"column":0},"end":{"line":77,"column":52}},"77":{"start":{"line":78,"column":0},"end":{"line":78,"column":18}},"78":{"start":{"line":79,"column":0},"end":{"line":79,"column":25}},"79":{"start":{"line":80,"column":0},"end":{"line":80,"column":25}},"80":{"start":{"line":81,"column":0},"end":{"line":81,"column":27}},"81":{"start":{"line":82,"column":0},"end":{"line":82,"column":36}},"82":{"start":{"line":83,"column":0},"end":{"line":83,"column":37}},"83":{"start":{"line":84,"column":0},"end":{"line":84,"column":63}},"84":{"start":{"line":85,"column":0},"end":{"line":85,"column":22}},"85":{"start":{"line":86,"column":0},"end":{"line":86,"column":14}},"86":{"start":{"line":87,"column":0},"end":{"line":87,"column":16}},"87":{"start":{"line":88,"column":0},"end":{"line":88,"column":0}},"88":{"start":{"line":89,"column":0},"end":{"line":89,"column":38}},"89":{"start":{"line":90,"column":0},"end":{"line":90,"column":50}},"90":{"start":{"line":91,"column":0},"end":{"line":91,"column":18}},"91":{"start":{"line":92,"column":0},"end":{"line":92,"column":24}},"92":{"start":{"line":93,"column":0},"end":{"line":93,"column":27}},"93":{"start":{"line":94,"column":0},"end":{"line":94,"column":26}},"94":{"start":{"line":95,"column":0},"end":{"line":95,"column":35}},"95":{"start":{"line":96,"column":0},"end":{"line":96,"column":37}},"96":{"start":{"line":97,"column":0},"end":{"line":97,"column":42}},"97":{"start":{"line":98,"column":0},"end":{"line":98,"column":22}},"98":{"start":{"line":99,"column":0},"end":{"line":99,"column":14}},"99":{"start":{"line":100,"column":0},"end":{"line":100,"column":16}},"100":{"start":{"line":101,"column":0},"end":{"line":101,"column":0}},"101":{"start":{"line":102,"column":0},"end":{"line":102,"column":38}},"102":{"start":{"line":103,"column":0},"end":{"line":103,"column":61}},"103":{"start":{"line":104,"column":0},"end":{"line":104,"column":18}},"104":{"start":{"line":105,"column":0},"end":{"line":105,"column":29}},"105":{"start":{"line":106,"column":0},"end":{"line":106,"column":27}},"106":{"start":{"line":107,"column":0},"end":{"line":107,"column":31}},"107":{"start":{"line":108,"column":0},"end":{"line":108,"column":40}},"108":{"start":{"line":109,"column":0},"end":{"line":109,"column":37}},"109":{"start":{"line":110,"column":0},"end":{"line":110,"column":51}},"110":{"start":{"line":111,"column":0},"end":{"line":111,"column":22}},"111":{"start":{"line":112,"column":0},"end":{"line":112,"column":14}},"112":{"start":{"line":113,"column":0},"end":{"line":113,"column":16}},"113":{"start":{"line":114,"column":0},"end":{"line":114,"column":0}},"114":{"start":{"line":115,"column":0},"end":{"line":115,"column":38}},"115":{"start":{"line":116,"column":0},"end":{"line":116,"column":73}},"116":{"start":{"line":117,"column":0},"end":{"line":117,"column":18}},"117":{"start":{"line":118,"column":0},"end":{"line":118,"column":35}},"118":{"start":{"line":119,"column":0},"end":{"line":119,"column":27}},"119":{"start":{"line":120,"column":0},"end":{"line":120,"column":37}},"120":{"start":{"line":121,"column":0},"end":{"line":121,"column":46}},"121":{"start":{"line":122,"column":0},"end":{"line":122,"column":37}},"122":{"start":{"line":123,"column":0},"end":{"line":123,"column":54}},"123":{"start":{"line":124,"column":0},"end":{"line":124,"column":22}},"124":{"start":{"line":125,"column":0},"end":{"line":125,"column":14}},"125":{"start":{"line":126,"column":0},"end":{"line":126,"column":16}},"126":{"start":{"line":127,"column":0},"end":{"line":127,"column":0}},"127":{"start":{"line":128,"column":0},"end":{"line":128,"column":38}},"128":{"start":{"line":129,"column":0},"end":{"line":129,"column":64}},"129":{"start":{"line":130,"column":0},"end":{"line":130,"column":18}},"130":{"start":{"line":131,"column":0},"end":{"line":131,"column":27}},"131":{"start":{"line":132,"column":0},"end":{"line":132,"column":27}},"132":{"start":{"line":133,"column":0},"end":{"line":133,"column":29}},"133":{"start":{"line":134,"column":0},"end":{"line":134,"column":38}},"134":{"start":{"line":135,"column":0},"end":{"line":135,"column":37}},"135":{"start":{"line":136,"column":0},"end":{"line":136,"column":63}},"136":{"start":{"line":137,"column":0},"end":{"line":137,"column":22}},"137":{"start":{"line":138,"column":0},"end":{"line":138,"column":14}},"138":{"start":{"line":139,"column":0},"end":{"line":139,"column":16}},"139":{"start":{"line":140,"column":0},"end":{"line":140,"column":0}},"140":{"start":{"line":141,"column":0},"end":{"line":141,"column":38}},"141":{"start":{"line":142,"column":0},"end":{"line":142,"column":75}},"142":{"start":{"line":143,"column":0},"end":{"line":143,"column":18}},"143":{"start":{"line":144,"column":0},"end":{"line":144,"column":36}},"144":{"start":{"line":145,"column":0},"end":{"line":145,"column":27}},"145":{"start":{"line":146,"column":0},"end":{"line":146,"column":38}},"146":{"start":{"line":147,"column":0},"end":{"line":147,"column":47}},"147":{"start":{"line":148,"column":0},"end":{"line":148,"column":37}},"148":{"start":{"line":149,"column":0},"end":{"line":149,"column":66}},"149":{"start":{"line":150,"column":0},"end":{"line":150,"column":22}},"150":{"start":{"line":151,"column":0},"end":{"line":151,"column":14}},"151":{"start":{"line":152,"column":0},"end":{"line":152,"column":16}},"152":{"start":{"line":153,"column":0},"end":{"line":153,"column":0}},"153":{"start":{"line":154,"column":0},"end":{"line":154,"column":58}},"154":{"start":{"line":155,"column":0},"end":{"line":155,"column":21}},"155":{"start":{"line":156,"column":0},"end":{"line":156,"column":19}},"156":{"start":{"line":157,"column":0},"end":{"line":157,"column":15}},"157":{"start":{"line":158,"column":0},"end":{"line":158,"column":12}},"158":{"start":{"line":159,"column":0},"end":{"line":159,"column":10}},"159":{"start":{"line":160,"column":0},"end":{"line":160,"column":4}},"160":{"start":{"line":161,"column":0},"end":{"line":161,"column":1}}},"s":{"0":1,"1":9,"2":1,"3":1,"4":1,"5":1,"6":9,"7":9,"8":9,"9":9,"10":9,"11":9,"12":9,"13":9,"14":9,"15":9,"16":9,"17":7,"18":7,"19":7,"20":7,"21":7,"22":9,"23":9,"24":9,"25":1,"26":1,"27":1,"28":1,"29":1,"30":1,"31":1,"32":1,"33":1,"34":1,"35":1,"36":1,"37":1,"38":1,"39":1,"40":1,"41":1,"42":1,"43":1,"44":1,"45":1,"46":1,"47":1,"48":1,"49":1,"50":0,"51":0,"52":0,"53":0,"54":9,"55":9,"56":9,"57":9,"58":9,"59":9,"60":9,"61":9,"62":9,"63":9,"64":9,"65":9,"66":9,"67":9,"68":9,"69":9,"70":9,"71":9,"72":9,"73":9,"74":9,"75":9,"76":9,"77":9,"78":9,"79":9,"80":9,"81":9,"82":9,"83":9,"84":9,"85":9,"86":9,"87":9,"88":9,"89":9,"90":9,"91":9,"92":9,"93":9,"94":9,"95":9,"96":9,"97":9,"98":9,"99":9,"100":9,"101":9,"102":9,"103":9,"104":9,"105":9,"106":9,"107":9,"108":9,"109":9,"110":9,"111":9,"112":9,"113":9,"114":9,"115":9,"116":9,"117":9,"118":9,"119":9,"120":9,"121":9,"122":9,"123":9,"124":9,"125":9,"126":9,"127":9,"128":9,"129":9,"130":9,"131":9,"132":9,"133":9,"134":9,"135":9,"136":9,"137":9,"138":9,"139":9,"140":9,"141":9,"142":9,"143":9,"144":9,"145":9,"146":9,"147":9,"148":9,"149":9,"150":9,"151":9,"152":9,"153":9,"154":9,"155":9,"156":9,"157":9,"158":9,"159":9,"160":9},"branchMap":{"0":{"type":"branch","line":2,"loc":{"start":{"line":2,"column":0},"end":{"line":2,"column":31}},"locations":[{"start":{"line":2,"column":0},"end":{"line":2,"column":31}}]},"1":{"type":"branch","line":2,"loc":{"start":{"line":2,"column":0},"end":{"line":2,"column":31}},"locations":[{"start":{"line":2,"column":0},"end":{"line":2,"column":31}}]},"2":{"type":"branch","line":2,"loc":{"start":{"line":2,"column":0},"end":{"line":2,"column":31}},"locations":[{"start":{"line":2,"column":0},"end":{"line":2,"column":31}}]},"3":{"type":"branch","line":2,"loc":{"start":{"line":2,"column":0},"end":{"line":2,"column":31}},"locations":[{"start":{"line":2,"column":0},"end":{"line":2,"column":31}}]},"4":{"type":"branch","line":2,"loc":{"start":{"line":2,"column":0},"end":{"line":2,"column":31}},"locations":[{"start":{"line":2,"column":0},"end":{"line":2,"column":31}}]},"5":{"type":"branch","line":2,"loc":{"start":{"line":2,"column":0},"end":{"line":2,"column":31}},"locations":[{"start":{"line":2,"column":0},"end":{"line":2,"column":31}}]},"6":{"type":"branch","line":2,"loc":{"start":{"line":2,"column":0},"end":{"line":2,"column":31}},"locations":[{"start":{"line":2,"column":0},"end":{"line":2,"column":31}}]},"7":{"type":"branch","line":2,"loc":{"start":{"line":2,"column":0},"end":{"line":2,"column":31}},"locations":[{"start":{"line":2,"column":0},"end":{"line":2,"column":31}}]},"8":{"type":"branch","line":2,"loc":{"start":{"line":2,"column":0},"end":{"line":2,"column":31}},"locations":[{"start":{"line":2,"column":0},"end":{"line":2,"column":31}}]},"9":{"type":"branch","line":2,"loc":{"start":{"line":2,"column":0},"end":{"line":2,"column":31}},"locations":[{"start":{"line":2,"column":0},"end":{"line":2,"column":31}}]},"10":{"type":"branch","line":2,"loc":{"start":{"line":2,"column":0},"end":{"line":2,"column":31}},"locations":[{"start":{"line":2,"column":0},"end":{"line":2,"column":31}}]},"11":{"type":"branch","line":2,"loc":{"start":{"line":2,"column":0},"end":{"line":2,"column":31}},"locations":[{"start":{"line":2,"column":0},"end":{"line":2,"column":31}}]},"12":{"type":"branch","line":2,"loc":{"start":{"line":2,"column":0},"end":{"line":2,"column":31}},"locations":[{"start":{"line":2,"column":0},"end":{"line":2,"column":31}}]},"13":{"type":"branch","line":2,"loc":{"start":{"line":2,"column":0},"end":{"line":2,"column":31}},"locations":[{"start":{"line":2,"column":0},"end":{"line":2,"column":31}}]},"14":{"type":"branch","line":2,"loc":{"start":{"line":2,"column":0},"end":{"line":2,"column":31}},"locations":[{"start":{"line":2,"column":0},"end":{"line":2,"column":31}}]},"15":{"type":"branch","line":2,"loc":{"start":{"line":2,"column":0},"end":{"line":2,"column":31}},"locations":[{"start":{"line":2,"column":0},"end":{"line":2,"column":31}}]},"16":{"type":"branch","line":2,"loc":{"start":{"line":2,"column":0},"end":{"line":2,"column":31}},"locations":[{"start":{"line":2,"column":0},"end":{"line":2,"column":31}}]},"17":{"type":"branch","line":2,"loc":{"start":{"line":2,"column":0},"end":{"line":2,"column":31}},"locations":[{"start":{"line":2,"column":0},"end":{"line":2,"column":31}}]},"18":{"type":"branch","line":2,"loc":{"start":{"line":2,"column":0},"end":{"line":2,"column":31}},"locations":[{"start":{"line":2,"column":0},"end":{"line":2,"column":31}}]},"19":{"type":"branch","line":2,"loc":{"start":{"line":2,"column":0},"end":{"line":2,"column":31}},"locations":[{"start":{"line":2,"column":0},"end":{"line":2,"column":31}}]},"20":{"type":"branch","line":2,"loc":{"start":{"line":2,"column":0},"end":{"line":2,"column":31}},"locations":[{"start":{"line":2,"column":0},"end":{"line":2,"column":31}}]},"21":{"type":"branch","line":2,"loc":{"start":{"line":2,"column":0},"end":{"line":2,"column":31}},"locations":[{"start":{"line":2,"column":0},"end":{"line":2,"column":31}}]},"22":{"type":"branch","line":2,"loc":{"start":{"line":2,"column":0},"end":{"line":2,"column":31}},"locations":[{"start":{"line":2,"column":0},"end":{"line":2,"column":31}}]},"23":{"type":"branch","line":2,"loc":{"start":{"line":2,"column":0},"end":{"line":2,"column":31}},"locations":[{"start":{"line":2,"column":0},"end":{"line":2,"column":31}}]},"24":{"type":"branch","line":2,"loc":{"start":{"line":2,"column":0},"end":{"line":2,"column":31}},"locations":[{"start":{"line":2,"column":0},"end":{"line":2,"column":31}}]},"25":{"type":"branch","line":2,"loc":{"start":{"line":2,"column":0},"end":{"line":2,"column":31}},"locations":[{"start":{"line":2,"column":0},"end":{"line":2,"column":31}}]},"26":{"type":"branch","line":2,"loc":{"start":{"line":2,"column":0},"end":{"line":2,"column":31}},"locations":[{"start":{"line":2,"column":0},"end":{"line":2,"column":31}}]},"27":{"type":"branch","line":2,"loc":{"start":{"line":2,"column":0},"end":{"line":2,"column":31}},"locations":[{"start":{"line":2,"column":0},"end":{"line":2,"column":31}}]},"28":{"type":"branch","line":2,"loc":{"start":{"line":2,"column":0},"end":{"line":2,"column":31}},"locations":[{"start":{"line":2,"column":0},"end":{"line":2,"column":31}}]},"29":{"type":"branch","line":6,"loc":{"start":{"line":6,"column":15},"end":{"line":161,"column":1}},"locations":[{"start":{"line":6,"column":15},"end":{"line":161,"column":1}}]},"30":{"type":"branch","line":17,"loc":{"start":{"line":17,"column":23},"end":{"line":23,"column":3}},"locations":[{"start":{"line":17,"column":23},"end":{"line":23,"column":3}}]},"31":{"type":"branch","line":19,"loc":{"start":{"line":19,"column":15},"end":{"line":21,"column":19}},"locations":[{"start":{"line":19,"column":15},"end":{"line":21,"column":19}}]},"32":{"type":"branch","line":25,"loc":{"start":{"line":25,"column":20},"end":{"line":25,"column":23}},"locations":[{"start":{"line":25,"column":20},"end":{"line":25,"column":23}}]},"33":{"type":"branch","line":25,"loc":{"start":{"line":25,"column":23},"end":{"line":54,"column":42}},"locations":[{"start":{"line":25,"column":23},"end":{"line":54,"column":42}}]},"34":{"type":"branch","line":25,"loc":{"start":{"line":25,"column":31},"end":{"line":54,"column":42}},"locations":[{"start":{"line":25,"column":31},"end":{"line":54,"column":42}}]},"35":{"type":"branch","line":25,"loc":{"start":{"line":25,"column":31},"end":{"line":54,"column":42}},"locations":[{"start":{"line":25,"column":31},"end":{"line":54,"column":42}}]},"36":{"type":"branch","line":25,"loc":{"start":{"line":25,"column":31},"end":{"line":38,"column":9}},"locations":[{"start":{"line":25,"column":31},"end":{"line":38,"column":9}}]},"37":{"type":"branch","line":38,"loc":{"start":{"line":38,"column":8},"end":{"line":50,"column":9}},"locations":[{"start":{"line":38,"column":8},"end":{"line":50,"column":9}}]},"38":{"type":"branch","line":51,"loc":{"start":{"line":51,"column":-2},"end":{"line":54,"column":42}},"locations":[{"start":{"line":51,"column":-2},"end":{"line":54,"column":42}}]}},"b":{"0":[2],"1":[0],"2":[1],"3":[1],"4":[9],"5":[1],"6":[1],"7":[2],"8":[14],"9":[14],"10":[21],"11":[0],"12":[14],"13":[7],"14":[0],"15":[49],"16":[56],"17":[0],"18":[56],"19":[0],"20":[56],"21":[0],"22":[0],"23":[0],"24":[9],"25":[0],"26":[0],"27":[0],"28":[9],"29":[9],"30":[7],"31":[7],"32":[9],"33":[1],"34":[2],"35":[3],"36":[1],"37":[1],"38":[0]},"fnMap":{"0":{"name":"asyncGeneratorStep","decl":{"start":{"line":2,"column":0},"end":{"line":2,"column":31}},"loc":{"start":{"line":2,"column":0},"end":{"line":2,"column":31}},"line":2},"1":{"name":"_asyncToGenerator","decl":{"start":{"line":2,"column":0},"end":{"line":2,"column":31}},"loc":{"start":{"line":2,"column":0},"end":{"line":2,"column":31}},"line":2},"2":{"name":"_next","decl":{"start":{"line":2,"column":0},"end":{"line":2,"column":31}},"loc":{"start":{"line":2,"column":0},"end":{"line":2,"column":31}},"line":2},"3":{"name":"_throw","decl":{"start":{"line":2,"column":0},"end":{"line":2,"column":31}},"loc":{"start":{"line":2,"column":0},"end":{"line":2,"column":31}},"line":2},"4":{"name":"ownKeys","decl":{"start":{"line":2,"column":0},"end":{"line":2,"column":31}},"loc":{"start":{"line":2,"column":0},"end":{"line":2,"column":31}},"line":2},"5":{"name":"_objectSpread","decl":{"start":{"line":2,"column":0},"end":{"line":2,"column":31}},"loc":{"start":{"line":2,"column":0},"end":{"line":2,"column":31}},"line":2},"6":{"name":"_defineProperty","decl":{"start":{"line":2,"column":0},"end":{"line":2,"column":31}},"loc":{"start":{"line":2,"column":0},"end":{"line":2,"column":31}},"line":2},"7":{"name":"_toPropertyKey","decl":{"start":{"line":2,"column":0},"end":{"line":2,"column":31}},"loc":{"start":{"line":2,"column":0},"end":{"line":2,"column":31}},"line":2},"8":{"name":"_toPrimitive","decl":{"start":{"line":2,"column":0},"end":{"line":2,"column":31}},"loc":{"start":{"line":2,"column":0},"end":{"line":2,"column":31}},"line":2},"9":{"name":"_slicedToArray","decl":{"start":{"line":2,"column":0},"end":{"line":2,"column":31}},"loc":{"start":{"line":2,"column":0},"end":{"line":2,"column":31}},"line":2},"10":{"name":"_nonIterableRest","decl":{"start":{"line":2,"column":0},"end":{"line":2,"column":31}},"loc":{"start":{"line":2,"column":0},"end":{"line":2,"column":31}},"line":2},"11":{"name":"_unsupportedIterableToArray","decl":{"start":{"line":2,"column":0},"end":{"line":2,"column":31}},"loc":{"start":{"line":2,"column":0},"end":{"line":2,"column":31}},"line":2},"12":{"name":"_arrayLikeToArray","decl":{"start":{"line":2,"column":0},"end":{"line":2,"column":31}},"loc":{"start":{"line":2,"column":0},"end":{"line":2,"column":31}},"line":2},"13":{"name":"_iterableToArrayLimit","decl":{"start":{"line":2,"column":0},"end":{"line":2,"column":31}},"loc":{"start":{"line":2,"column":0},"end":{"line":2,"column":31}},"line":2},"14":{"name":"_arrayWithHoles","decl":{"start":{"line":2,"column":0},"end":{"line":2,"column":31}},"loc":{"start":{"line":2,"column":0},"end":{"line":2,"column":31}},"line":2},"15":{"name":"CadastroProduto","decl":{"start":{"line":6,"column":15},"end":{"line":161,"column":1}},"loc":{"start":{"line":6,"column":15},"end":{"line":161,"column":1}},"line":6},"16":{"name":"handleChange","decl":{"start":{"line":17,"column":23},"end":{"line":23,"column":3}},"loc":{"start":{"line":17,"column":23},"end":{"line":23,"column":3}},"line":17},"17":{"name":"_callee","decl":{"start":{"line":25,"column":23},"end":{"line":54,"column":42}},"loc":{"start":{"line":25,"column":23},"end":{"line":54,"column":42}},"line":25},"18":{"name":"_callee$","decl":{"start":{"line":25,"column":31},"end":{"line":54,"column":42}},"loc":{"start":{"line":25,"column":31},"end":{"line":54,"column":42}},"line":25}},"f":{"0":2,"1":9,"2":2,"3":0,"4":14,"5":14,"6":56,"7":56,"8":56,"9":9,"10":0,"11":0,"12":0,"13":0,"14":9,"15":9,"16":7,"17":1,"18":2}}
}
