{"C:\\Projetos\\estoque-premium\\src\\pages\\CadastroProduto\\CadastroProduto.jsx": {"path":"C:\\Projetos\\estoque-premium\\src\\pages\\CadastroProduto\\CadastroProduto.jsx","all":false,"statementMap":{"0":{"start":{"line":1,"column":0},"end":{"line":1,"column":40}},"1":{"start":{"line":2,"column":0},"end":{"line":2,"column":31}},"2":{"start":{"line":3,"column":0},"end":{"line":3,"column":36}},"3":{"start":{"line":4,"column":0},"end":{"line":4,"column":56}},"4":{"start":{"line":5,"column":0},"end":{"line":5,"column":0}},"5":{"start":{"line":6,"column":0},"end":{"line":6,"column":43}},"6":{"start":{"line":7,"column":0},"end":{"line":7,"column":42}},"7":{"start":{"line":8,"column":0},"end":{"line":8,"column":13}},"8":{"start":{"line":9,"column":0},"end":{"line":9,"column":15}},"9":{"start":{"line":10,"column":0},"end":{"line":10,"column":14}},"10":{"start":{"line":11,"column":0},"end":{"line":11,"column":19}},"11":{"start":{"line":12,"column":0},"end":{"line":12,"column":25}},"12":{"start":{"line":13,"column":0},"end":{"line":13,"column":17}},"13":{"start":{"line":14,"column":0},"end":{"line":14,"column":25}},"14":{"start":{"line":15,"column":0},"end":{"line":15,"column":5}},"15":{"start":{"line":16,"column":0},"end":{"line":16,"column":0}},"16":{"start":{"line":17,"column":0},"end":{"line":17,"column":31}},"17":{"start":{"line":18,"column":0},"end":{"line":18,"column":37}},"18":{"start":{"line":19,"column":0},"end":{"line":19,"column":34}},"19":{"start":{"line":20,"column":0},"end":{"line":20,"column":21}},"20":{"start":{"line":21,"column":0},"end":{"line":21,"column":19}},"21":{"start":{"line":22,"column":0},"end":{"line":22,"column":8}},"22":{"start":{"line":23,"column":0},"end":{"line":23,"column":4}},"23":{"start":{"line":24,"column":0},"end":{"line":24,"column":0}},"24":{"start":{"line":25,"column":0},"end":{"line":25,"column":37}},"25":{"start":{"line":26,"column":0},"end":{"line":26,"column":23}},"26":{"start":{"line":27,"column":0},"end":{"line":27,"column":0}},"27":{"start":{"line":28,"column":0},"end":{"line":28,"column":9}},"28":{"start":{"line":29,"column":0},"end":{"line":29,"column":48}},"29":{"start":{"line":30,"column":0},"end":{"line":30,"column":27}},"30":{"start":{"line":31,"column":0},"end":{"line":31,"column":31}},"31":{"start":{"line":32,"column":0},"end":{"line":32,"column":41}},"32":{"start":{"line":33,"column":0},"end":{"line":33,"column":51}},"33":{"start":{"line":34,"column":0},"end":{"line":34,"column":61}},"34":{"start":{"line":35,"column":0},"end":{"line":35,"column":45}},"35":{"start":{"line":36,"column":0},"end":{"line":36,"column":63}},"36":{"start":{"line":37,"column":0},"end":{"line":37,"column":29}},"37":{"start":{"line":38,"column":0},"end":{"line":38,"column":9}},"38":{"start":{"line":39,"column":0},"end":{"line":39,"column":0}},"39":{"start":{"line":40,"column":0},"end":{"line":40,"column":47}},"40":{"start":{"line":41,"column":0},"end":{"line":41,"column":0}},"41":{"start":{"line":42,"column":0},"end":{"line":42,"column":18}},"42":{"start":{"line":43,"column":0},"end":{"line":43,"column":17}},"43":{"start":{"line":44,"column":0},"end":{"line":44,"column":19}},"44":{"start":{"line":45,"column":0},"end":{"line":45,"column":18}},"45":{"start":{"line":46,"column":0},"end":{"line":46,"column":23}},"46":{"start":{"line":47,"column":0},"end":{"line":47,"column":29}},"47":{"start":{"line":48,"column":0},"end":{"line":48,"column":21}},"48":{"start":{"line":49,"column":0},"end":{"line":49,"column":29}},"49":{"start":{"line":50,"column":0},"end":{"line":50,"column":9}},"50":{"start":{"line":51,"column":0},"end":{"line":51,"column":0}},"51":{"start":{"line":52,"column":0},"end":{"line":52,"column":21}},"52":{"start":{"line":53,"column":0},"end":{"line":53,"column":57}},"53":{"start":{"line":54,"column":0},"end":{"line":54,"column":42}},"54":{"start":{"line":55,"column":0},"end":{"line":55,"column":5}},"55":{"start":{"line":56,"column":0},"end":{"line":56,"column":4}},"56":{"start":{"line":57,"column":0},"end":{"line":57,"column":0}},"57":{"start":{"line":58,"column":0},"end":{"line":58,"column":10}},"58":{"start":{"line":59,"column":0},"end":{"line":59,"column":35}},"59":{"start":{"line":60,"column":0},"end":{"line":60,"column":42}},"60":{"start":{"line":61,"column":0},"end":{"line":61,"column":36}},"61":{"start":{"line":62,"column":0},"end":{"line":62,"column":64}},"62":{"start":{"line":63,"column":0},"end":{"line":63,"column":38}},"63":{"start":{"line":64,"column":0},"end":{"line":64,"column":59}},"64":{"start":{"line":65,"column":0},"end":{"line":65,"column":18}},"65":{"start":{"line":66,"column":0},"end":{"line":66,"column":23}},"66":{"start":{"line":67,"column":0},"end":{"line":67,"column":25}},"67":{"start":{"line":68,"column":0},"end":{"line":68,"column":25}},"68":{"start":{"line":69,"column":0},"end":{"line":69,"column":34}},"69":{"start":{"line":70,"column":0},"end":{"line":70,"column":37}},"70":{"start":{"line":71,"column":0},"end":{"line":71,"column":52}},"71":{"start":{"line":72,"column":0},"end":{"line":72,"column":22}},"72":{"start":{"line":73,"column":0},"end":{"line":73,"column":14}},"73":{"start":{"line":74,"column":0},"end":{"line":74,"column":16}},"74":{"start":{"line":75,"column":0},"end":{"line":75,"column":0}},"75":{"start":{"line":76,"column":0},"end":{"line":76,"column":38}},"76":{"start":{"line":77,"column":0},"end":{"line":77,"column":52}},"77":{"start":{"line":78,"column":0},"end":{"line":78,"column":18}},"78":{"start":{"line":79,"column":0},"end":{"line":79,"column":25}},"79":{"start":{"line":80,"column":0},"end":{"line":80,"column":25}},"80":{"start":{"line":81,"column":0},"end":{"line":81,"column":27}},"81":{"start":{"line":82,"column":0},"end":{"line":82,"column":36}},"82":{"start":{"line":83,"column":0},"end":{"line":83,"column":37}},"83":{"start":{"line":84,"column":0},"end":{"line":84,"column":63}},"84":{"start":{"line":85,"column":0},"end":{"line":85,"column":22}},"85":{"start":{"line":86,"column":0},"end":{"line":86,"column":14}},"86":{"start":{"line":87,"column":0},"end":{"line":87,"column":16}},"87":{"start":{"line":88,"column":0},"end":{"line":88,"column":0}},"88":{"start":{"line":89,"column":0},"end":{"line":89,"column":38}},"89":{"start":{"line":90,"column":0},"end":{"line":90,"column":50}},"90":{"start":{"line":91,"column":0},"end":{"line":91,"column":18}},"91":{"start":{"line":92,"column":0},"end":{"line":92,"column":24}},"92":{"start":{"line":93,"column":0},"end":{"line":93,"column":27}},"93":{"start":{"line":94,"column":0},"end":{"line":94,"column":26}},"94":{"start":{"line":95,"column":0},"end":{"line":95,"column":35}},"95":{"start":{"line":96,"column":0},"end":{"line":96,"column":37}},"96":{"start":{"line":97,"column":0},"end":{"line":97,"column":42}},"97":{"start":{"line":98,"column":0},"end":{"line":98,"column":22}},"98":{"start":{"line":99,"column":0},"end":{"line":99,"column":14}},"99":{"start":{"line":100,"column":0},"end":{"line":100,"column":16}},"100":{"start":{"line":101,"column":0},"end":{"line":101,"column":0}},"101":{"start":{"line":102,"column":0},"end":{"line":102,"column":38}},"102":{"start":{"line":103,"column":0},"end":{"line":103,"column":61}},"103":{"start":{"line":104,"column":0},"end":{"line":104,"column":18}},"104":{"start":{"line":105,"column":0},"end":{"line":105,"column":29}},"105":{"start":{"line":106,"column":0},"end":{"line":106,"column":27}},"106":{"start":{"line":107,"column":0},"end":{"line":107,"column":31}},"107":{"start":{"line":108,"column":0},"end":{"line":108,"column":40}},"108":{"start":{"line":109,"column":0},"end":{"line":109,"column":37}},"109":{"start":{"line":110,"column":0},"end":{"line":110,"column":51}},"110":{"start":{"line":111,"column":0},"end":{"line":111,"column":22}},"111":{"start":{"line":112,"column":0},"end":{"line":112,"column":14}},"112":{"start":{"line":113,"column":0},"end":{"line":113,"column":16}},"113":{"start":{"line":114,"column":0},"end":{"line":114,"column":0}},"114":{"start":{"line":115,"column":0},"end":{"line":115,"column":38}},"115":{"start":{"line":116,"column":0},"end":{"line":116,"column":73}},"116":{"start":{"line":117,"column":0},"end":{"line":117,"column":18}},"117":{"start":{"line":118,"column":0},"end":{"line":118,"column":35}},"118":{"start":{"line":119,"column":0},"end":{"line":119,"column":27}},"119":{"start":{"line":120,"column":0},"end":{"line":120,"column":37}},"120":{"start":{"line":121,"column":0},"end":{"line":121,"column":46}},"121":{"start":{"line":122,"column":0},"end":{"line":122,"column":37}},"122":{"start":{"line":123,"column":0},"end":{"line":123,"column":54}},"123":{"start":{"line":124,"column":0},"end":{"line":124,"column":22}},"124":{"start":{"line":125,"column":0},"end":{"line":125,"column":14}},"125":{"start":{"line":126,"column":0},"end":{"line":126,"column":16}},"126":{"start":{"line":127,"column":0},"end":{"line":127,"column":0}},"127":{"start":{"line":128,"column":0},"end":{"line":128,"column":38}},"128":{"start":{"line":129,"column":0},"end":{"line":129,"column":64}},"129":{"start":{"line":130,"column":0},"end":{"line":130,"column":18}},"130":{"start":{"line":131,"column":0},"end":{"line":131,"column":27}},"131":{"start":{"line":132,"column":0},"end":{"line":132,"column":27}},"132":{"start":{"line":133,"column":0},"end":{"line":133,"column":29}},"133":{"start":{"line":134,"column":0},"end":{"line":134,"column":38}},"134":{"start":{"line":135,"column":0},"end":{"line":135,"column":37}},"135":{"start":{"line":136,"column":0},"end":{"line":136,"column":63}},"136":{"start":{"line":137,"column":0},"end":{"line":137,"column":22}},"137":{"start":{"line":138,"column":0},"end":{"line":138,"column":14}},"138":{"start":{"line":139,"column":0},"end":{"line":139,"column":16}},"139":{"start":{"line":140,"column":0},"end":{"line":140,"column":0}},"140":{"start":{"line":141,"column":0},"end":{"line":141,"column":38}},"141":{"start":{"line":142,"column":0},"end":{"line":142,"column":75}},"142":{"start":{"line":143,"column":0},"end":{"line":143,"column":18}},"143":{"start":{"line":144,"column":0},"end":{"line":144,"column":36}},"144":{"start":{"line":145,"column":0},"end":{"line":145,"column":27}},"145":{"start":{"line":146,"column":0},"end":{"line":146,"column":38}},"146":{"start":{"line":147,"column":0},"end":{"line":147,"column":47}},"147":{"start":{"line":148,"column":0},"end":{"line":148,"column":37}},"148":{"start":{"line":149,"column":0},"end":{"line":149,"column":66}},"149":{"start":{"line":150,"column":0},"end":{"line":150,"column":22}},"150":{"start":{"line":151,"column":0},"end":{"line":151,"column":14}},"151":{"start":{"line":152,"column":0},"end":{"line":152,"column":16}},"152":{"start":{"line":153,"column":0},"end":{"line":153,"column":0}},"153":{"start":{"line":154,"column":0},"end":{"line":154,"column":58}},"154":{"start":{"line":155,"column":0},"end":{"line":155,"column":21}},"155":{"start":{"line":156,"column":0},"end":{"line":156,"column":19}},"156":{"start":{"line":157,"column":0},"end":{"line":157,"column":15}},"157":{"start":{"line":158,"column":0},"end":{"line":158,"column":12}},"158":{"start":{"line":159,"column":0},"end":{"line":159,"column":10}},"159":{"start":{"line":160,"column":0},"end":{"line":160,"column":4}},"160":{"start":{"line":161,"column":0},"end":{"line":161,"column":1}}},"s":{"0":1,"1":9,"2":1,"3":1,"4":1,"5":1,"6":9,"7":9,"8":9,"9":9,"10":9,"11":9,"12":9,"13":9,"14":9,"15":9,"16":9,"17":7,"18":7,"19":7,"20":7,"21":7,"22":9,"23":9,"24":9,"25":1,"26":1,"27":1,"28":1,"29":1,"30":1,"31":1,"32":1,"33":1,"34":1,"35":1,"36":1,"37":1,"38":1,"39":1,"40":1,"41":1,"42":1,"43":1,"44":1,"45":1,"46":1,"47":1,"48":1,"49":1,"50":0,"51":0,"52":0,"53":0,"54":9,"55":9,"56":9,"57":9,"58":9,"59":9,"60":9,"61":9,"62":9,"63":9,"64":9,"65":9,"66":9,"67":9,"68":9,"69":9,"70":9,"71":9,"72":9,"73":9,"74":9,"75":9,"76":9,"77":9,"78":9,"79":9,"80":9,"81":9,"82":9,"83":9,"84":9,"85":9,"86":9,"87":9,"88":9,"89":9,"90":9,"91":9,"92":9,"93":9,"94":9,"95":9,"96":9,"97":9,"98":9,"99":9,"100":9,"101":9,"102":9,"103":9,"104":9,"105":9,"106":9,"107":9,"108":9,"109":9,"110":9,"111":9,"112":9,"113":9,"114":9,"115":9,"116":9,"117":9,"118":9,"119":9,"120":9,"121":9,"122":9,"123":9,"124":9,"125":9,"126":9,"127":9,"128":9,"129":9,"130":9,"131":9,"132":9,"133":9,"134":9,"135":9,"136":9,"137":9,"138":9,"139":9,"140":9,"141":9,"142":9,"143":9,"144":9,"145":9,"146":9,"147":9,"148":9,"149":9,"150":9,"151":9,"152":9,"153":9,"154":9,"155":9,"156":9,"157":9,"158":9,"159":9,"160":9},"branchMap":{"0":{"type":"branch","line":2,"loc":{"start":{"line":2,"column":0},"end":{"line":2,"column":31}},"locations":[{"start":{"line":2,"column":0},"end":{"line":2,"column":31}}]},"1":{"type":"branch","line":2,"loc":{"start":{"line":2,"column":0},"end":{"line":2,"column":31}},"locations":[{"start":{"line":2,"column":0},"end":{"line":2,"column":31}}]},"2":{"type":"branch","line":2,"loc":{"start":{"line":2,"column":0},"end":{"line":2,"column":31}},"locations":[{"start":{"line":2,"column":0},"end":{"line":2,"column":31}}]},"3":{"type":"branch","line":2,"loc":{"start":{"line":2,"column":0},"end":{"line":2,"column":31}},"locations":[{"start":{"line":2,"column":0},"end":{"line":2,"column":31}}]},"4":{"type":"branch","line":2,"loc":{"start":{"line":2,"column":0},"end":{"line":2,"column":31}},"locations":[{"start":{"line":2,"column":0},"end":{"line":2,"column":31}}]},"5":{"type":"branch","line":2,"loc":{"start":{"line":2,"column":0},"end":{"line":2,"column":31}},"locations":[{"start":{"line":2,"column":0},"end":{"line":2,"column":31}}]},"6":{"type":"branch","line":2,"loc":{"start":{"line":2,"column":0},"end":{"line":2,"column":31}},"locations":[{"start":{"line":2,"column":0},"end":{"line":2,"column":31}}]},"7":{"type":"branch","line":2,"loc":{"start":{"line":2,"column":0},"end":{"line":2,"column":31}},"locations":[{"start":{"line":2,"column":0},"end":{"line":2,"column":31}}]},"8":{"type":"branch","line":2,"loc":{"start":{"line":2,"column":0},"end":{"line":2,"column":31}},"locations":[{"start":{"line":2,"column":0},"end":{"line":2,"column":31}}]},"9":{"type":"branch","line":2,"loc":{"start":{"line":2,"column":0},"end":{"line":2,"column":31}},"locations":[{"start":{"line":2,"column":0},"end":{"line":2,"column":31}}]},"10":{"type":"branch","line":2,"loc":{"start":{"line":2,"column":0},"end":{"line":2,"column":31}},"locations":[{"start":{"line":2,"column":0},"end":{"line":2,"column":31}}]},"11":{"type":"branch","line":2,"loc":{"start":{"line":2,"column":0},"end":{"line":2,"column":31}},"locations":[{"start":{"line":2,"column":0},"end":{"line":2,"column":31}}]},"12":{"type":"branch","line":2,"loc":{"start":{"line":2,"column":0},"end":{"line":2,"column":31}},"locations":[{"start":{"line":2,"column":0},"end":{"line":2,"column":31}}]},"13":{"type":"branch","line":2,"loc":{"start":{"line":2,"column":0},"end":{"line":2,"column":31}},"locations":[{"start":{"line":2,"column":0},"end":{"line":2,"column":31}}]},"14":{"type":"branch","line":2,"loc":{"start":{"line":2,"column":0},"end":{"line":2,"column":31}},"locations":[{"start":{"line":2,"column":0},"end":{"line":2,"column":31}}]},"15":{"type":"branch","line":2,"loc":{"start":{"line":2,"column":0},"end":{"line":2,"column":31}},"locations":[{"start":{"line":2,"column":0},"end":{"line":2,"column":31}}]},"16":{"type":"branch","line":2,"loc":{"start":{"line":2,"column":0},"end":{"line":2,"column":31}},"locations":[{"start":{"line":2,"column":0},"end":{"line":2,"column":31}}]},"17":{"type":"branch","line":2,"loc":{"start":{"line":2,"column":0},"end":{"line":2,"column":31}},"locations":[{"start":{"line":2,"column":0},"end":{"line":2,"column":31}}]},"18":{"type":"branch","line":2,"loc":{"start":{"line":2,"column":0},"end":{"line":2,"column":31}},"locations":[{"start":{"line":2,"column":0},"end":{"line":2,"column":31}}]},"19":{"type":"branch","line":2,"loc":{"start":{"line":2,"column":0},"end":{"line":2,"column":31}},"locations":[{"start":{"line":2,"column":0},"end":{"line":2,"column":31}}]},"20":{"type":"branch","line":2,"loc":{"start":{"line":2,"column":0},"end":{"line":2,"column":31}},"locations":[{"start":{"line":2,"column":0},"end":{"line":2,"column":31}}]},"21":{"type":"branch","line":2,"loc":{"start":{"line":2,"column":0},"end":{"line":2,"column":31}},"locations":[{"start":{"line":2,"column":0},"end":{"line":2,"column":31}}]},"22":{"type":"branch","line":2,"loc":{"start":{"line":2,"column":0},"end":{"line":2,"column":31}},"locations":[{"start":{"line":2,"column":0},"end":{"line":2,"column":31}}]},"23":{"type":"branch","line":2,"loc":{"start":{"line":2,"column":0},"end":{"line":2,"column":31}},"locations":[{"start":{"line":2,"column":0},"end":{"line":2,"column":31}}]},"24":{"type":"branch","line":2,"loc":{"start":{"line":2,"column":0},"end":{"line":2,"column":31}},"locations":[{"start":{"line":2,"column":0},"end":{"line":2,"column":31}}]},"25":{"type":"branch","line":2,"loc":{"start":{"line":2,"column":0},"end":{"line":2,"column":31}},"locations":[{"start":{"line":2,"column":0},"end":{"line":2,"column":31}}]},"26":{"type":"branch","line":2,"loc":{"start":{"line":2,"column":0},"end":{"line":2,"column":31}},"locations":[{"start":{"line":2,"column":0},"end":{"line":2,"column":31}}]},"27":{"type":"branch","line":2,"loc":{"start":{"line":2,"column":0},"end":{"line":2,"column":31}},"locations":[{"start":{"line":2,"column":0},"end":{"line":2,"column":31}}]},"28":{"type":"branch","line":2,"loc":{"start":{"line":2,"column":0},"end":{"line":2,"column":31}},"locations":[{"start":{"line":2,"column":0},"end":{"line":2,"column":31}}]},"29":{"type":"branch","line":6,"loc":{"start":{"line":6,"column":15},"end":{"line":161,"column":1}},"locations":[{"start":{"line":6,"column":15},"end":{"line":161,"column":1}}]},"30":{"type":"branch","line":17,"loc":{"start":{"line":17,"column":23},"end":{"line":23,"column":3}},"locations":[{"start":{"line":17,"column":23},"end":{"line":23,"column":3}}]},"31":{"type":"branch","line":19,"loc":{"start":{"line":19,"column":15},"end":{"line":21,"column":19}},"locations":[{"start":{"line":19,"column":15},"end":{"line":21,"column":19}}]},"32":{"type":"branch","line":25,"loc":{"start":{"line":25,"column":20},"end":{"line":25,"column":23}},"locations":[{"start":{"line":25,"column":20},"end":{"line":25,"column":23}}]},"33":{"type":"branch","line":25,"loc":{"start":{"line":25,"column":23},"end":{"line":54,"column":42}},"locations":[{"start":{"line":25,"column":23},"end":{"line":54,"column":42}}]},"34":{"type":"branch","line":25,"loc":{"start":{"line":25,"column":31},"end":{"line":54,"column":42}},"locations":[{"start":{"line":25,"column":31},"end":{"line":54,"column":42}}]},"35":{"type":"branch","line":25,"loc":{"start":{"line":25,"column":31},"end":{"line":54,"column":42}},"locations":[{"start":{"line":25,"column":31},"end":{"line":54,"column":42}}]},"36":{"type":"branch","line":25,"loc":{"start":{"line":25,"column":31},"end":{"line":38,"column":9}},"locations":[{"start":{"line":25,"column":31},"end":{"line":38,"column":9}}]},"37":{"type":"branch","line":38,"loc":{"start":{"line":38,"column":8},"end":{"line":50,"column":9}},"locations":[{"start":{"line":38,"column":8},"end":{"line":50,"column":9}}]},"38":{"type":"branch","line":51,"loc":{"start":{"line":51,"column":-2},"end":{"line":54,"column":42}},"locations":[{"start":{"line":51,"column":-2},"end":{"line":54,"column":42}}]}},"b":{"0":[2],"1":[0],"2":[1],"3":[1],"4":[9],"5":[1],"6":[1],"7":[2],"8":[14],"9":[14],"10":[21],"11":[0],"12":[14],"13":[7],"14":[0],"15":[49],"16":[56],"17":[0],"18":[56],"19":[0],"20":[56],"21":[0],"22":[0],"23":[0],"24":[9],"25":[0],"26":[0],"27":[0],"28":[9],"29":[9],"30":[7],"31":[7],"32":[9],"33":[1],"34":[2],"35":[3],"36":[1],"37":[1],"38":[0]},"fnMap":{"0":{"name":"asyncGeneratorStep","decl":{"start":{"line":2,"column":0},"end":{"line":2,"column":31}},"loc":{"start":{"line":2,"column":0},"end":{"line":2,"column":31}},"line":2},"1":{"name":"_asyncToGenerator","decl":{"start":{"line":2,"column":0},"end":{"line":2,"column":31}},"loc":{"start":{"line":2,"column":0},"end":{"line":2,"column":31}},"line":2},"2":{"name":"_next","decl":{"start":{"line":2,"column":0},"end":{"line":2,"column":31}},"loc":{"start":{"line":2,"column":0},"end":{"line":2,"column":31}},"line":2},"3":{"name":"_throw","decl":{"start":{"line":2,"column":0},"end":{"line":2,"column":31}},"loc":{"start":{"line":2,"column":0},"end":{"line":2,"column":31}},"line":2},"4":{"name":"ownKeys","decl":{"start":{"line":2,"column":0},"end":{"line":2,"column":31}},"loc":{"start":{"line":2,"column":0},"end":{"line":2,"column":31}},"line":2},"5":{"name":"_objectSpread","decl":{"start":{"line":2,"column":0},"end":{"line":2,"column":31}},"loc":{"start":{"line":2,"column":0},"end":{"line":2,"column":31}},"line":2},"6":{"name":"_defineProperty","decl":{"start":{"line":2,"column":0},"end":{"line":2,"column":31}},"loc":{"start":{"line":2,"column":0},"end":{"line":2,"column":31}},"line":2},"7":{"name":"_toPropertyKey","decl":{"start":{"line":2,"column":0},"end":{"line":2,"column":31}},"loc":{"start":{"line":2,"column":0},"end":{"line":2,"column":31}},"line":2},"8":{"name":"_toPrimitive","decl":{"start":{"line":2,"column":0},"end":{"line":2,"column":31}},"loc":{"start":{"line":2,"column":0},"end":{"line":2,"column":31}},"line":2},"9":{"name":"_slicedToArray","decl":{"start":{"line":2,"column":0},"end":{"line":2,"column":31}},"loc":{"start":{"line":2,"column":0},"end":{"line":2,"column":31}},"line":2},"10":{"name":"_nonIterableRest","decl":{"start":{"line":2,"column":0},"end":{"line":2,"column":31}},"loc":{"start":{"line":2,"column":0},"end":{"line":2,"column":31}},"line":2},"11":{"name":"_unsupportedIterableToArray","decl":{"start":{"line":2,"column":0},"end":{"line":2,"column":31}},"loc":{"start":{"line":2,"column":0},"end":{"line":2,"column":31}},"line":2},"12":{"name":"_arrayLikeToArray","decl":{"start":{"line":2,"column":0},"end":{"line":2,"column":31}},"loc":{"start":{"line":2,"column":0},"end":{"line":2,"column":31}},"line":2},"13":{"name":"_iterableToArrayLimit","decl":{"start":{"line":2,"column":0},"end":{"line":2,"column":31}},"loc":{"start":{"line":2,"column":0},"end":{"line":2,"column":31}},"line":2},"14":{"name":"_arrayWithHoles","decl":{"start":{"line":2,"column":0},"end":{"line":2,"column":31}},"loc":{"start":{"line":2,"column":0},"end":{"line":2,"column":31}},"line":2},"15":{"name":"CadastroProduto","decl":{"start":{"line":6,"column":15},"end":{"line":161,"column":1}},"loc":{"start":{"line":6,"column":15},"end":{"line":161,"column":1}},"line":6},"16":{"name":"handleChange","decl":{"start":{"line":17,"column":23},"end":{"line":23,"column":3}},"loc":{"start":{"line":17,"column":23},"end":{"line":23,"column":3}},"line":17},"17":{"name":"_callee","decl":{"start":{"line":25,"column":23},"end":{"line":54,"column":42}},"loc":{"start":{"line":25,"column":23},"end":{"line":54,"column":42}},"line":25},"18":{"name":"_callee$","decl":{"start":{"line":25,"column":31},"end":{"line":54,"column":42}},"loc":{"start":{"line":25,"column":31},"end":{"line":54,"column":42}},"line":25}},"f":{"0":2,"1":9,"2":2,"3":0,"4":14,"5":14,"6":56,"7":56,"8":56,"9":9,"10":0,"11":0,"12":0,"13":0,"14":9,"15":9,"16":7,"17":1,"18":2}}
,"C:\\Projetos\\estoque-premium\\src\\pages\\Estoque\\Estoque.jsx": {"path":"C:\\Projetos\\estoque-premium\\src\\pages\\Estoque\\Estoque.jsx","all":false,"statementMap":{"0":{"start":{"line":1,"column":0},"end":{"line":1,"column":35}},"1":{"start":{"line":2,"column":0},"end":{"line":2,"column":60}},"2":{"start":{"line":3,"column":0},"end":{"line":3,"column":8}},"3":{"start":{"line":4,"column":0},"end":{"line":4,"column":8}},"4":{"start":{"line":5,"column":0},"end":{"line":5,"column":9}},"5":{"start":{"line":6,"column":0},"end":{"line":6,"column":7}},"6":{"start":{"line":7,"column":0},"end":{"line":7,"column":13}},"7":{"start":{"line":8,"column":0},"end":{"line":8,"column":8}},"8":{"start":{"line":9,"column":0},"end":{"line":9,"column":15}},"9":{"start":{"line":10,"column":0},"end":{"line":10,"column":14}},"10":{"start":{"line":11,"column":0},"end":{"line":11,"column":9}},"11":{"start":{"line":12,"column":0},"end":{"line":12,"column":25}},"12":{"start":{"line":13,"column":0},"end":{"line":13,"column":8}},"13":{"start":{"line":14,"column":0},"end":{"line":14,"column":16}},"14":{"start":{"line":15,"column":0},"end":{"line":15,"column":18}},"15":{"start":{"line":16,"column":0},"end":{"line":16,"column":22}},"16":{"start":{"line":17,"column":0},"end":{"line":17,"column":24}},"17":{"start":{"line":18,"column":0},"end":{"line":18,"column":20}},"18":{"start":{"line":19,"column":0},"end":{"line":19,"column":12}},"19":{"start":{"line":20,"column":0},"end":{"line":20,"column":31}},"20":{"start":{"line":21,"column":0},"end":{"line":21,"column":42}},"21":{"start":{"line":22,"column":0},"end":{"line":22,"column":8}},"22":{"start":{"line":23,"column":0},"end":{"line":23,"column":13}},"23":{"start":{"line":24,"column":0},"end":{"line":24,"column":10}},"24":{"start":{"line":25,"column":0},"end":{"line":25,"column":12}},"25":{"start":{"line":26,"column":0},"end":{"line":26,"column":6}},"26":{"start":{"line":27,"column":0},"end":{"line":27,"column":9}},"27":{"start":{"line":28,"column":0},"end":{"line":28,"column":11}},"28":{"start":{"line":29,"column":0},"end":{"line":29,"column":28}},"29":{"start":{"line":30,"column":0},"end":{"line":30,"column":57}},"30":{"start":{"line":31,"column":0},"end":{"line":31,"column":29}},"31":{"start":{"line":32,"column":0},"end":{"line":32,"column":36}},"32":{"start":{"line":33,"column":0},"end":{"line":33,"column":46}},"33":{"start":{"line":34,"column":0},"end":{"line":34,"column":0}},"34":{"start":{"line":35,"column":0},"end":{"line":35,"column":38}},"35":{"start":{"line":36,"column":0},"end":{"line":36,"column":36}},"36":{"start":{"line":37,"column":0},"end":{"line":37,"column":53}},"37":{"start":{"line":38,"column":0},"end":{"line":38,"column":49}},"38":{"start":{"line":39,"column":0},"end":{"line":39,"column":0}},"39":{"start":{"line":40,"column":0},"end":{"line":40,"column":23}},"40":{"start":{"line":41,"column":0},"end":{"line":41,"column":57}},"41":{"start":{"line":42,"column":0},"end":{"line":42,"column":57}},"42":{"start":{"line":43,"column":0},"end":{"line":43,"column":53}},"43":{"start":{"line":44,"column":0},"end":{"line":44,"column":53}},"44":{"start":{"line":45,"column":0},"end":{"line":45,"column":4}},"45":{"start":{"line":46,"column":0},"end":{"line":46,"column":60}},"46":{"start":{"line":47,"column":0},"end":{"line":47,"column":60}},"47":{"start":{"line":48,"column":0},"end":{"line":48,"column":59}},"48":{"start":{"line":49,"column":0},"end":{"line":49,"column":0}},"49":{"start":{"line":50,"column":0},"end":{"line":50,"column":24}},"50":{"start":{"line":51,"column":0},"end":{"line":51,"column":37}},"51":{"start":{"line":52,"column":0},"end":{"line":52,"column":59}},"52":{"start":{"line":53,"column":0},"end":{"line":53,"column":65}},"53":{"start":{"line":54,"column":0},"end":{"line":54,"column":4}},"54":{"start":{"line":55,"column":0},"end":{"line":55,"column":42}},"55":{"start":{"line":56,"column":0},"end":{"line":56,"column":64}},"56":{"start":{"line":57,"column":0},"end":{"line":57,"column":70}},"57":{"start":{"line":58,"column":0},"end":{"line":58,"column":4}},"58":{"start":{"line":59,"column":0},"end":{"line":59,"column":0}},"59":{"start":{"line":60,"column":0},"end":{"line":60,"column":18}},"60":{"start":{"line":61,"column":0},"end":{"line":61,"column":19}},"61":{"start":{"line":62,"column":0},"end":{"line":62,"column":15}},"62":{"start":{"line":63,"column":0},"end":{"line":63,"column":58}},"63":{"start":{"line":64,"column":0},"end":{"line":64,"column":65}},"64":{"start":{"line":65,"column":0},"end":{"line":65,"column":9}},"65":{"start":{"line":66,"column":0},"end":{"line":66,"column":5}},"66":{"start":{"line":67,"column":0},"end":{"line":67,"column":13}},"67":{"start":{"line":68,"column":0},"end":{"line":68,"column":0}},"68":{"start":{"line":69,"column":0},"end":{"line":69,"column":19}},"69":{"start":{"line":70,"column":0},"end":{"line":70,"column":20}},"70":{"start":{"line":71,"column":0},"end":{"line":71,"column":25}},"71":{"start":{"line":72,"column":0},"end":{"line":72,"column":9}},"72":{"start":{"line":73,"column":0},"end":{"line":73,"column":0}},"73":{"start":{"line":74,"column":0},"end":{"line":74,"column":19}},"74":{"start":{"line":75,"column":0},"end":{"line":75,"column":56}},"75":{"start":{"line":76,"column":0},"end":{"line":76,"column":21}},"76":{"start":{"line":77,"column":0},"end":{"line":77,"column":0}},"77":{"start":{"line":78,"column":0},"end":{"line":78,"column":34}},"78":{"start":{"line":79,"column":0},"end":{"line":79,"column":32}},"79":{"start":{"line":80,"column":0},"end":{"line":80,"column":17}},"80":{"start":{"line":81,"column":0},"end":{"line":81,"column":58}},"81":{"start":{"line":82,"column":0},"end":{"line":82,"column":49}},"82":{"start":{"line":83,"column":0},"end":{"line":83,"column":0}},"83":{"start":{"line":84,"column":0},"end":{"line":84,"column":47}},"84":{"start":{"line":85,"column":0},"end":{"line":85,"column":23}},"85":{"start":{"line":86,"column":0},"end":{"line":86,"column":9}},"86":{"start":{"line":87,"column":0},"end":{"line":87,"column":25}},"87":{"start":{"line":88,"column":0},"end":{"line":88,"column":51}},"88":{"start":{"line":89,"column":0},"end":{"line":89,"column":49}},"89":{"start":{"line":90,"column":0},"end":{"line":90,"column":66}},"90":{"start":{"line":91,"column":0},"end":{"line":91,"column":53}},"91":{"start":{"line":92,"column":0},"end":{"line":92,"column":9}},"92":{"start":{"line":93,"column":0},"end":{"line":93,"column":29}},"93":{"start":{"line":94,"column":0},"end":{"line":94,"column":4}},"94":{"start":{"line":95,"column":0},"end":{"line":95,"column":0}},"95":{"start":{"line":96,"column":0},"end":{"line":96,"column":58}},"96":{"start":{"line":97,"column":0},"end":{"line":97,"column":33}},"97":{"start":{"line":98,"column":0},"end":{"line":98,"column":18}},"98":{"start":{"line":99,"column":0},"end":{"line":99,"column":51}},"99":{"start":{"line":100,"column":0},"end":{"line":100,"column":49}},"100":{"start":{"line":101,"column":0},"end":{"line":101,"column":6}},"101":{"start":{"line":102,"column":0},"end":{"line":102,"column":0}},"102":{"start":{"line":103,"column":0},"end":{"line":103,"column":27}},"103":{"start":{"line":104,"column":0},"end":{"line":104,"column":16}},"104":{"start":{"line":105,"column":0},"end":{"line":105,"column":9}},"105":{"start":{"line":106,"column":0},"end":{"line":106,"column":31}},"106":{"start":{"line":107,"column":0},"end":{"line":107,"column":26}},"107":{"start":{"line":108,"column":0},"end":{"line":108,"column":64}},"108":{"start":{"line":109,"column":0},"end":{"line":109,"column":10}},"109":{"start":{"line":110,"column":0},"end":{"line":110,"column":9}},"110":{"start":{"line":111,"column":0},"end":{"line":111,"column":36}},"111":{"start":{"line":112,"column":0},"end":{"line":112,"column":32}},"112":{"start":{"line":113,"column":0},"end":{"line":113,"column":64}},"113":{"start":{"line":114,"column":0},"end":{"line":114,"column":10}},"114":{"start":{"line":115,"column":0},"end":{"line":115,"column":9}},"115":{"start":{"line":116,"column":0},"end":{"line":116,"column":29}},"116":{"start":{"line":117,"column":0},"end":{"line":117,"column":28}},"117":{"start":{"line":118,"column":0},"end":{"line":118,"column":70}},"118":{"start":{"line":119,"column":0},"end":{"line":119,"column":50}},"119":{"start":{"line":120,"column":0},"end":{"line":120,"column":9}},"120":{"start":{"line":121,"column":0},"end":{"line":121,"column":8}},"121":{"start":{"line":122,"column":0},"end":{"line":122,"column":12}},"122":{"start":{"line":123,"column":0},"end":{"line":123,"column":17}},"123":{"start":{"line":124,"column":0},"end":{"line":124,"column":34}},"124":{"start":{"line":125,"column":0},"end":{"line":125,"column":30}},"125":{"start":{"line":126,"column":0},"end":{"line":126,"column":62}},"126":{"start":{"line":127,"column":0},"end":{"line":127,"column":9}},"127":{"start":{"line":128,"column":0},"end":{"line":128,"column":5}},"128":{"start":{"line":129,"column":0},"end":{"line":129,"column":0}},"129":{"start":{"line":130,"column":0},"end":{"line":130,"column":24}},"130":{"start":{"line":131,"column":0},"end":{"line":131,"column":64}},"131":{"start":{"line":132,"column":0},"end":{"line":132,"column":7}},"132":{"start":{"line":133,"column":0},"end":{"line":133,"column":32}},"133":{"start":{"line":134,"column":0},"end":{"line":134,"column":27}},"134":{"start":{"line":135,"column":0},"end":{"line":135,"column":42}},"135":{"start":{"line":136,"column":0},"end":{"line":136,"column":8}},"136":{"start":{"line":137,"column":0},"end":{"line":137,"column":66}},"137":{"start":{"line":138,"column":0},"end":{"line":138,"column":64}},"138":{"start":{"line":139,"column":0},"end":{"line":139,"column":62}},"139":{"start":{"line":140,"column":0},"end":{"line":140,"column":7}},"140":{"start":{"line":141,"column":0},"end":{"line":141,"column":33}},"141":{"start":{"line":142,"column":0},"end":{"line":142,"column":29}},"142":{"start":{"line":143,"column":0},"end":{"line":143,"column":23}},"143":{"start":{"line":144,"column":0},"end":{"line":144,"column":38}},"144":{"start":{"line":145,"column":0},"end":{"line":145,"column":57}},"145":{"start":{"line":146,"column":0},"end":{"line":146,"column":90}},"146":{"start":{"line":147,"column":0},"end":{"line":147,"column":50}},"147":{"start":{"line":148,"column":0},"end":{"line":148,"column":9}},"148":{"start":{"line":149,"column":0},"end":{"line":149,"column":8}},"149":{"start":{"line":150,"column":0},"end":{"line":150,"column":7}},"150":{"start":{"line":151,"column":0},"end":{"line":151,"column":20}},"151":{"start":{"line":152,"column":0},"end":{"line":152,"column":24}},"152":{"start":{"line":153,"column":0},"end":{"line":153,"column":23}},"153":{"start":{"line":154,"column":0},"end":{"line":154,"column":12}},"154":{"start":{"line":155,"column":0},"end":{"line":155,"column":19}},"155":{"start":{"line":156,"column":0},"end":{"line":156,"column":23}},"156":{"start":{"line":157,"column":0},"end":{"line":157,"column":39}},"157":{"start":{"line":158,"column":0},"end":{"line":158,"column":91}},"158":{"start":{"line":159,"column":0},"end":{"line":159,"column":13}},"159":{"start":{"line":160,"column":0},"end":{"line":160,"column":20}},"160":{"start":{"line":161,"column":0},"end":{"line":161,"column":26}},"161":{"start":{"line":162,"column":0},"end":{"line":162,"column":19}},"162":{"start":{"line":163,"column":0},"end":{"line":163,"column":23}},"163":{"start":{"line":164,"column":0},"end":{"line":164,"column":38}},"164":{"start":{"line":165,"column":0},"end":{"line":165,"column":64}},"165":{"start":{"line":166,"column":0},"end":{"line":166,"column":13}},"166":{"start":{"line":167,"column":0},"end":{"line":167,"column":21}},"167":{"start":{"line":168,"column":0},"end":{"line":168,"column":21}},"168":{"start":{"line":169,"column":0},"end":{"line":169,"column":13}},"169":{"start":{"line":170,"column":0},"end":{"line":170,"column":9}},"170":{"start":{"line":171,"column":0},"end":{"line":171,"column":7}},"171":{"start":{"line":172,"column":0},"end":{"line":172,"column":7}},"172":{"start":{"line":173,"column":0},"end":{"line":173,"column":13}},"173":{"start":{"line":174,"column":0},"end":{"line":174,"column":0}},"174":{"start":{"line":175,"column":0},"end":{"line":175,"column":40}},"175":{"start":{"line":176,"column":0},"end":{"line":176,"column":31}},"176":{"start":{"line":177,"column":0},"end":{"line":177,"column":18}},"177":{"start":{"line":178,"column":0},"end":{"line":178,"column":11}},"178":{"start":{"line":179,"column":0},"end":{"line":179,"column":26}},"179":{"start":{"line":180,"column":0},"end":{"line":180,"column":48}},"180":{"start":{"line":181,"column":0},"end":{"line":181,"column":92}},"181":{"start":{"line":182,"column":0},"end":{"line":182,"column":77}},"182":{"start":{"line":183,"column":0},"end":{"line":183,"column":11}},"183":{"start":{"line":184,"column":0},"end":{"line":184,"column":40}},"184":{"start":{"line":185,"column":0},"end":{"line":185,"column":6}},"185":{"start":{"line":186,"column":0},"end":{"line":186,"column":12}},"186":{"start":{"line":187,"column":0},"end":{"line":187,"column":28}},"187":{"start":{"line":188,"column":0},"end":{"line":188,"column":42}},"188":{"start":{"line":189,"column":0},"end":{"line":189,"column":42}},"189":{"start":{"line":190,"column":0},"end":{"line":190,"column":46}},"190":{"start":{"line":191,"column":0},"end":{"line":191,"column":50}},"191":{"start":{"line":192,"column":0},"end":{"line":192,"column":43}},"192":{"start":{"line":193,"column":0},"end":{"line":193,"column":5}},"193":{"start":{"line":194,"column":0},"end":{"line":194,"column":0}},"194":{"start":{"line":195,"column":0},"end":{"line":195,"column":33}},"195":{"start":{"line":196,"column":0},"end":{"line":196,"column":35}},"196":{"start":{"line":197,"column":0},"end":{"line":197,"column":57}},"197":{"start":{"line":198,"column":0},"end":{"line":198,"column":47}},"198":{"start":{"line":199,"column":0},"end":{"line":199,"column":57}},"199":{"start":{"line":200,"column":0},"end":{"line":200,"column":5}},"200":{"start":{"line":201,"column":0},"end":{"line":201,"column":3}},"201":{"start":{"line":202,"column":0},"end":{"line":202,"column":0}},"202":{"start":{"line":203,"column":0},"end":{"line":203,"column":32}},"203":{"start":{"line":204,"column":0},"end":{"line":204,"column":37}},"204":{"start":{"line":205,"column":0},"end":{"line":205,"column":60}},"205":{"start":{"line":206,"column":0},"end":{"line":206,"column":3}},"206":{"start":{"line":207,"column":0},"end":{"line":207,"column":0}},"207":{"start":{"line":208,"column":0},"end":{"line":208,"column":31}},"208":{"start":{"line":209,"column":0},"end":{"line":209,"column":29}},"209":{"start":{"line":210,"column":0},"end":{"line":210,"column":48}},"210":{"start":{"line":211,"column":0},"end":{"line":211,"column":19}},"211":{"start":{"line":212,"column":0},"end":{"line":212,"column":23}},"212":{"start":{"line":213,"column":0},"end":{"line":213,"column":33}},"213":{"start":{"line":214,"column":0},"end":{"line":214,"column":43}},"214":{"start":{"line":215,"column":0},"end":{"line":215,"column":57}},"215":{"start":{"line":216,"column":0},"end":{"line":216,"column":41}},"216":{"start":{"line":217,"column":0},"end":{"line":217,"column":58}},"217":{"start":{"line":218,"column":0},"end":{"line":218,"column":7}},"218":{"start":{"line":219,"column":0},"end":{"line":219,"column":24}},"219":{"start":{"line":220,"column":0},"end":{"line":220,"column":20}},"220":{"start":{"line":221,"column":0},"end":{"line":221,"column":3}},"221":{"start":{"line":222,"column":0},"end":{"line":222,"column":0}},"222":{"start":{"line":223,"column":0},"end":{"line":223,"column":26}},"223":{"start":{"line":224,"column":0},"end":{"line":224,"column":87}},"224":{"start":{"line":225,"column":0},"end":{"line":225,"column":37}},"225":{"start":{"line":226,"column":0},"end":{"line":226,"column":52}},"226":{"start":{"line":227,"column":0},"end":{"line":227,"column":68}},"227":{"start":{"line":228,"column":0},"end":{"line":228,"column":44}},"228":{"start":{"line":229,"column":0},"end":{"line":229,"column":3}},"229":{"start":{"line":230,"column":0},"end":{"line":230,"column":0}},"230":{"start":{"line":231,"column":0},"end":{"line":231,"column":48}},"231":{"start":{"line":232,"column":0},"end":{"line":232,"column":10}},"232":{"start":{"line":233,"column":0},"end":{"line":233,"column":36}},"233":{"start":{"line":234,"column":0},"end":{"line":234,"column":49}},"234":{"start":{"line":235,"column":0},"end":{"line":235,"column":0}},"235":{"start":{"line":236,"column":0},"end":{"line":236,"column":35}},"236":{"start":{"line":237,"column":0},"end":{"line":237,"column":37}},"237":{"start":{"line":238,"column":0},"end":{"line":238,"column":23}},"238":{"start":{"line":239,"column":0},"end":{"line":239,"column":35}},"239":{"start":{"line":240,"column":0},"end":{"line":240,"column":32}},"240":{"start":{"line":241,"column":0},"end":{"line":241,"column":59}},"241":{"start":{"line":242,"column":0},"end":{"line":242,"column":12}},"242":{"start":{"line":243,"column":0},"end":{"line":243,"column":21}},"243":{"start":{"line":244,"column":0},"end":{"line":244,"column":0}},"244":{"start":{"line":245,"column":0},"end":{"line":245,"column":38}},"245":{"start":{"line":246,"column":0},"end":{"line":246,"column":23}},"246":{"start":{"line":247,"column":0},"end":{"line":247,"column":25}},"247":{"start":{"line":248,"column":0},"end":{"line":248,"column":27}},"248":{"start":{"line":249,"column":0},"end":{"line":249,"column":64}},"249":{"start":{"line":250,"column":0},"end":{"line":250,"column":34}},"250":{"start":{"line":251,"column":0},"end":{"line":251,"column":53}},"251":{"start":{"line":252,"column":0},"end":{"line":252,"column":11}},"252":{"start":{"line":253,"column":0},"end":{"line":253,"column":23}},"253":{"start":{"line":254,"column":0},"end":{"line":254,"column":25}},"254":{"start":{"line":255,"column":0},"end":{"line":255,"column":22}},"255":{"start":{"line":256,"column":0},"end":{"line":256,"column":0}},"256":{"start":{"line":257,"column":0},"end":{"line":257,"column":56}},"257":{"start":{"line":258,"column":0},"end":{"line":258,"column":24}},"258":{"start":{"line":259,"column":0},"end":{"line":259,"column":17}},"259":{"start":{"line":260,"column":0},"end":{"line":260,"column":12}},"260":{"start":{"line":261,"column":0},"end":{"line":261,"column":0}},"261":{"start":{"line":262,"column":0},"end":{"line":262,"column":47}},"262":{"start":{"line":263,"column":0},"end":{"line":263,"column":38}},"263":{"start":{"line":264,"column":0},"end":{"line":264,"column":46}},"264":{"start":{"line":265,"column":0},"end":{"line":265,"column":28}},"265":{"start":{"line":266,"column":0},"end":{"line":266,"column":41}},"266":{"start":{"line":267,"column":0},"end":{"line":267,"column":59}},"267":{"start":{"line":268,"column":0},"end":{"line":268,"column":24}},"268":{"start":{"line":269,"column":0},"end":{"line":269,"column":21}},"269":{"start":{"line":270,"column":0},"end":{"line":270,"column":35}},"270":{"start":{"line":271,"column":0},"end":{"line":271,"column":28}},"271":{"start":{"line":272,"column":0},"end":{"line":272,"column":80}},"272":{"start":{"line":273,"column":0},"end":{"line":273,"column":22}},"273":{"start":{"line":274,"column":0},"end":{"line":274,"column":69}},"274":{"start":{"line":275,"column":0},"end":{"line":275,"column":19}},"275":{"start":{"line":276,"column":0},"end":{"line":276,"column":85}},"276":{"start":{"line":277,"column":0},"end":{"line":277,"column":79}},"277":{"start":{"line":278,"column":0},"end":{"line":278,"column":23}},"278":{"start":{"line":279,"column":0},"end":{"line":279,"column":18}},"279":{"start":{"line":280,"column":0},"end":{"line":280,"column":17}},"280":{"start":{"line":281,"column":0},"end":{"line":281,"column":17}},"281":{"start":{"line":282,"column":0},"end":{"line":282,"column":13}},"282":{"start":{"line":283,"column":0},"end":{"line":283,"column":16}},"283":{"start":{"line":284,"column":0},"end":{"line":284,"column":15}},"284":{"start":{"line":285,"column":0},"end":{"line":285,"column":48}},"285":{"start":{"line":286,"column":0},"end":{"line":286,"column":29}},"286":{"start":{"line":287,"column":0},"end":{"line":287,"column":50}},"287":{"start":{"line":288,"column":0},"end":{"line":288,"column":98}},"288":{"start":{"line":289,"column":0},"end":{"line":289,"column":17}},"289":{"start":{"line":290,"column":0},"end":{"line":290,"column":17}},"290":{"start":{"line":291,"column":0},"end":{"line":291,"column":13}},"291":{"start":{"line":292,"column":0},"end":{"line":292,"column":16}},"292":{"start":{"line":293,"column":0},"end":{"line":293,"column":14}},"293":{"start":{"line":294,"column":0},"end":{"line":294,"column":0}},"294":{"start":{"line":295,"column":0},"end":{"line":295,"column":78}},"295":{"start":{"line":296,"column":0},"end":{"line":296,"column":92}},"296":{"start":{"line":297,"column":0},"end":{"line":297,"column":20}},"297":{"start":{"line":298,"column":0},"end":{"line":298,"column":17}},"298":{"start":{"line":299,"column":0},"end":{"line":299,"column":14}},"299":{"start":{"line":300,"column":0},"end":{"line":300,"column":103}},"300":{"start":{"line":301,"column":0},"end":{"line":301,"column":15}},"301":{"start":{"line":302,"column":0},"end":{"line":302,"column":84}},"302":{"start":{"line":303,"column":0},"end":{"line":303,"column":19}},"303":{"start":{"line":304,"column":0},"end":{"line":304,"column":17}},"304":{"start":{"line":305,"column":0},"end":{"line":305,"column":12}},"305":{"start":{"line":306,"column":0},"end":{"line":306,"column":0}},"306":{"start":{"line":307,"column":0},"end":{"line":307,"column":65}},"307":{"start":{"line":308,"column":0},"end":{"line":308,"column":34}},"308":{"start":{"line":309,"column":0},"end":{"line":309,"column":51}},"309":{"start":{"line":310,"column":0},"end":{"line":310,"column":23}},"310":{"start":{"line":311,"column":0},"end":{"line":311,"column":20}},"311":{"start":{"line":312,"column":0},"end":{"line":312,"column":28}},"312":{"start":{"line":313,"column":0},"end":{"line":313,"column":13}},"313":{"start":{"line":314,"column":0},"end":{"line":314,"column":21}},"314":{"start":{"line":315,"column":0},"end":{"line":315,"column":23}},"315":{"start":{"line":316,"column":0},"end":{"line":316,"column":22}},"316":{"start":{"line":317,"column":0},"end":{"line":317,"column":27}},"317":{"start":{"line":318,"column":0},"end":{"line":318,"column":33}},"318":{"start":{"line":319,"column":0},"end":{"line":319,"column":25}},"319":{"start":{"line":320,"column":0},"end":{"line":320,"column":33}},"320":{"start":{"line":321,"column":0},"end":{"line":321,"column":28}},"321":{"start":{"line":322,"column":0},"end":{"line":322,"column":55}},"322":{"start":{"line":323,"column":0},"end":{"line":323,"column":56}},"323":{"start":{"line":324,"column":0},"end":{"line":324,"column":52}},"324":{"start":{"line":325,"column":0},"end":{"line":325,"column":29}},"325":{"start":{"line":326,"column":0},"end":{"line":326,"column":29}},"326":{"start":{"line":327,"column":0},"end":{"line":327,"column":30}},"327":{"start":{"line":328,"column":0},"end":{"line":328,"column":24}},"328":{"start":{"line":329,"column":0},"end":{"line":329,"column":106}},"329":{"start":{"line":330,"column":0},"end":{"line":330,"column":27}},"330":{"start":{"line":331,"column":0},"end":{"line":331,"column":21}},"331":{"start":{"line":332,"column":0},"end":{"line":332,"column":32}},"332":{"start":{"line":333,"column":0},"end":{"line":333,"column":30}},"333":{"start":{"line":334,"column":0},"end":{"line":334,"column":19}},"334":{"start":{"line":335,"column":0},"end":{"line":335,"column":47}},"335":{"start":{"line":336,"column":0},"end":{"line":336,"column":45}},"336":{"start":{"line":337,"column":0},"end":{"line":337,"column":18}},"337":{"start":{"line":338,"column":0},"end":{"line":338,"column":27}},"338":{"start":{"line":339,"column":0},"end":{"line":339,"column":15}},"339":{"start":{"line":340,"column":0},"end":{"line":340,"column":21}},"340":{"start":{"line":341,"column":0},"end":{"line":341,"column":22}},"341":{"start":{"line":342,"column":0},"end":{"line":342,"column":74}},"342":{"start":{"line":343,"column":0},"end":{"line":343,"column":20}},"343":{"start":{"line":344,"column":0},"end":{"line":344,"column":19}},"344":{"start":{"line":345,"column":0},"end":{"line":345,"column":57}},"345":{"start":{"line":346,"column":0},"end":{"line":346,"column":18}},"346":{"start":{"line":347,"column":0},"end":{"line":347,"column":19}},"347":{"start":{"line":348,"column":0},"end":{"line":348,"column":23}},"348":{"start":{"line":349,"column":0},"end":{"line":349,"column":14}},"349":{"start":{"line":350,"column":0},"end":{"line":350,"column":10}},"350":{"start":{"line":351,"column":0},"end":{"line":351,"column":4}},"351":{"start":{"line":352,"column":0},"end":{"line":352,"column":1}}},"s":{"0":1,"1":88,"2":1,"3":1,"4":1,"5":1,"6":1,"7":1,"8":1,"9":1,"10":1,"11":1,"12":1,"13":1,"14":1,"15":1,"16":1,"17":1,"18":1,"19":1,"20":1,"21":1,"22":1,"23":1,"24":1,"25":1,"26":1,"27":1,"28":1,"29":1,"30":1,"31":1,"32":1,"33":1,"34":1,"35":11,"36":11,"37":11,"38":11,"39":11,"40":11,"41":11,"42":11,"43":11,"44":11,"45":11,"46":11,"47":11,"48":11,"49":11,"50":11,"51":6,"52":6,"53":11,"54":11,"55":6,"56":6,"57":11,"58":11,"59":11,"60":11,"61":11,"62":11,"63":11,"64":11,"65":11,"66":11,"67":11,"68":11,"69":6,"70":6,"71":11,"72":11,"73":11,"74":7,"75":11,"76":11,"77":11,"78":11,"79":0,"80":0,"81":0,"82":11,"83":11,"84":11,"85":11,"86":8,"87":0,"88":0,"89":0,"90":0,"91":8,"92":11,"93":11,"94":11,"95":11,"96":11,"97":8,"98":8,"99":8,"100":8,"101":8,"102":8,"103":2,"104":2,"105":2,"106":2,"107":2,"108":2,"109":2,"110":2,"111":2,"112":2,"113":2,"114":2,"115":2,"116":2,"117":2,"118":2,"119":2,"120":2,"121":8,"122":6,"123":6,"124":6,"125":6,"126":6,"127":6,"128":8,"129":8,"130":8,"131":8,"132":8,"133":8,"134":8,"135":8,"136":8,"137":8,"138":8,"139":8,"140":8,"141":8,"142":8,"143":0,"144":0,"145":0,"146":0,"147":0,"148":8,"149":8,"150":8,"151":8,"152":8,"153":0,"154":0,"155":0,"156":0,"157":0,"158":0,"159":0,"160":0,"161":0,"162":0,"163":0,"164":0,"165":0,"166":0,"167":0,"168":0,"169":8,"170":8,"171":8,"172":11,"173":11,"174":11,"175":11,"176":11,"177":11,"178":10,"179":0,"180":0,"181":0,"182":10,"183":11,"184":11,"185":11,"186":11,"187":11,"188":11,"189":11,"190":11,"191":11,"192":11,"193":11,"194":11,"195":11,"196":0,"197":0,"198":0,"199":0,"200":0,"201":11,"202":11,"203":0,"204":0,"205":0,"206":0,"207":0,"208":0,"209":0,"210":0,"211":0,"212":0,"213":0,"214":0,"215":0,"216":0,"217":0,"218":0,"219":0,"220":0,"221":11,"222":11,"223":1,"224":1,"225":1,"226":1,"227":1,"228":1,"229":11,"230":11,"231":11,"232":11,"233":11,"234":11,"235":11,"236":11,"237":11,"238":11,"239":11,"240":11,"241":11,"242":11,"243":11,"244":11,"245":11,"246":11,"247":11,"248":11,"249":11,"250":11,"251":11,"252":11,"253":11,"254":11,"255":11,"256":11,"257":11,"258":11,"259":11,"260":11,"261":11,"262":11,"263":11,"264":11,"265":11,"266":116,"267":116,"268":116,"269":116,"270":116,"271":116,"272":116,"273":116,"274":116,"275":116,"276":116,"277":116,"278":116,"279":11,"280":11,"281":11,"282":11,"283":11,"284":11,"285":0,"286":0,"287":0,"288":0,"289":0,"290":11,"291":11,"292":11,"293":11,"294":11,"295":11,"296":11,"297":11,"298":11,"299":11,"300":11,"301":11,"302":11,"303":11,"304":11,"305":11,"306":11,"307":11,"308":11,"309":11,"310":11,"311":11,"312":0,"313":0,"314":0,"315":0,"316":0,"317":0,"318":0,"319":0,"320":0,"321":0,"322":0,"323":0,"324":0,"325":0,"326":0,"327":0,"328":0,"329":0,"330":0,"331":0,"332":0,"333":0,"334":0,"335":0,"336":0,"337":0,"338":0,"339":11,"340":11,"341":11,"342":11,"343":11,"344":11,"345":11,"346":11,"347":11,"348":11,"349":11,"350":11,"351":11},"branchMap":{"0":{"type":"branch","line":2,"loc":{"start":{"line":2,"column":0},"end":{"line":2,"column":60}},"locations":[{"start":{"line":2,"column":0},"end":{"line":2,"column":60}}]},"1":{"type":"branch","line":2,"loc":{"start":{"line":2,"column":0},"end":{"line":2,"column":60}},"locations":[{"start":{"line":2,"column":0},"end":{"line":2,"column":60}}]},"2":{"type":"branch","line":2,"loc":{"start":{"line":2,"column":0},"end":{"line":2,"column":60}},"locations":[{"start":{"line":2,"column":0},"end":{"line":2,"column":60}}]},"3":{"type":"branch","line":2,"loc":{"start":{"line":2,"column":0},"end":{"line":2,"column":60}},"locations":[{"start":{"line":2,"column":0},"end":{"line":2,"column":60}}]},"4":{"type":"branch","line":2,"loc":{"start":{"line":2,"column":0},"end":{"line":2,"column":60}},"locations":[{"start":{"line":2,"column":0},"end":{"line":2,"column":60}}]},"5":{"type":"branch","line":2,"loc":{"start":{"line":2,"column":0},"end":{"line":2,"column":60}},"locations":[{"start":{"line":2,"column":0},"end":{"line":2,"column":60}}]},"6":{"type":"branch","line":2,"loc":{"start":{"line":2,"column":0},"end":{"line":2,"column":60}},"locations":[{"start":{"line":2,"column":0},"end":{"line":2,"column":60}}]},"7":{"type":"branch","line":2,"loc":{"start":{"line":2,"column":0},"end":{"line":2,"column":60}},"locations":[{"start":{"line":2,"column":0},"end":{"line":2,"column":60}}]},"8":{"type":"branch","line":2,"loc":{"start":{"line":2,"column":0},"end":{"line":2,"column":60}},"locations":[{"start":{"line":2,"column":0},"end":{"line":2,"column":60}}]},"9":{"type":"branch","line":2,"loc":{"start":{"line":2,"column":0},"end":{"line":2,"column":60}},"locations":[{"start":{"line":2,"column":0},"end":{"line":2,"column":60}}]},"10":{"type":"branch","line":2,"loc":{"start":{"line":2,"column":0},"end":{"line":2,"column":60}},"locations":[{"start":{"line":2,"column":0},"end":{"line":2,"column":60}}]},"11":{"type":"branch","line":2,"loc":{"start":{"line":2,"column":0},"end":{"line":2,"column":60}},"locations":[{"start":{"line":2,"column":0},"end":{"line":2,"column":60}}]},"12":{"type":"branch","line":2,"loc":{"start":{"line":2,"column":0},"end":{"line":2,"column":60}},"locations":[{"start":{"line":2,"column":0},"end":{"line":2,"column":60}}]},"13":{"type":"branch","line":35,"loc":{"start":{"line":35,"column":15},"end":{"line":352,"column":1}},"locations":[{"start":{"line":35,"column":15},"end":{"line":352,"column":1}}]},"14":{"type":"branch","line":249,"loc":{"start":{"line":249,"column":33},"end":{"line":249,"column":44}},"locations":[{"start":{"line":249,"column":33},"end":{"line":249,"column":44}}]},"15":{"type":"branch","line":249,"loc":{"start":{"line":249,"column":44},"end":{"line":249,"column":64}},"locations":[{"start":{"line":249,"column":44},"end":{"line":249,"column":64}}]},"16":{"type":"branch","line":312,"loc":{"start":{"line":312,"column":25},"end":{"line":339,"column":15}},"locations":[{"start":{"line":312,"column":25},"end":{"line":339,"column":15}}]},"17":{"type":"branch","line":44,"loc":{"start":{"line":44,"column":4},"end":{"line":44,"column":53}},"locations":[{"start":{"line":44,"column":4},"end":{"line":44,"column":53}}]},"18":{"type":"branch","line":51,"loc":{"start":{"line":51,"column":21},"end":{"line":51,"column":24}},"locations":[{"start":{"line":51,"column":21},"end":{"line":51,"column":24}}]},"19":{"type":"branch","line":51,"loc":{"start":{"line":51,"column":24},"end":{"line":53,"column":65}},"locations":[{"start":{"line":51,"column":24},"end":{"line":53,"column":65}}]},"20":{"type":"branch","line":51,"loc":{"start":{"line":51,"column":24},"end":{"line":53,"column":65}},"locations":[{"start":{"line":51,"column":24},"end":{"line":53,"column":65}}]},"21":{"type":"branch","line":51,"loc":{"start":{"line":51,"column":24},"end":{"line":52,"column":59}},"locations":[{"start":{"line":51,"column":24},"end":{"line":52,"column":59}}]},"22":{"type":"branch","line":52,"loc":{"start":{"line":52,"column":58},"end":{"line":53,"column":65}},"locations":[{"start":{"line":52,"column":58},"end":{"line":53,"column":65}}]},"23":{"type":"branch","line":55,"loc":{"start":{"line":55,"column":26},"end":{"line":55,"column":29}},"locations":[{"start":{"line":55,"column":26},"end":{"line":55,"column":29}}]},"24":{"type":"branch","line":55,"loc":{"start":{"line":55,"column":29},"end":{"line":57,"column":70}},"locations":[{"start":{"line":55,"column":29},"end":{"line":57,"column":70}}]},"25":{"type":"branch","line":55,"loc":{"start":{"line":55,"column":29},"end":{"line":57,"column":70}},"locations":[{"start":{"line":55,"column":29},"end":{"line":57,"column":70}}]},"26":{"type":"branch","line":55,"loc":{"start":{"line":55,"column":29},"end":{"line":56,"column":64}},"locations":[{"start":{"line":55,"column":29},"end":{"line":56,"column":64}}]},"27":{"type":"branch","line":56,"loc":{"start":{"line":56,"column":63},"end":{"line":57,"column":70}},"locations":[{"start":{"line":56,"column":63},"end":{"line":57,"column":70}}]},"28":{"type":"branch","line":61,"loc":{"start":{"line":61,"column":12},"end":{"line":67,"column":3}},"locations":[{"start":{"line":61,"column":12},"end":{"line":67,"column":3}}]},"29":{"type":"branch","line":63,"loc":{"start":{"line":63,"column":49},"end":{"line":65,"column":7}},"locations":[{"start":{"line":63,"column":49},"end":{"line":65,"column":7}}]},"30":{"type":"branch","line":64,"loc":{"start":{"line":64,"column":48},"end":{"line":64,"column":63}},"locations":[{"start":{"line":64,"column":48},"end":{"line":64,"column":63}}]},"31":{"type":"branch","line":69,"loc":{"start":{"line":69,"column":12},"end":{"line":72,"column":3}},"locations":[{"start":{"line":69,"column":12},"end":{"line":72,"column":3}}]},"32":{"type":"branch","line":74,"loc":{"start":{"line":74,"column":12},"end":{"line":76,"column":3}},"locations":[{"start":{"line":74,"column":12},"end":{"line":76,"column":3}}]},"33":{"type":"branch","line":86,"loc":{"start":{"line":86,"column":4},"end":{"line":92,"column":9}},"locations":[{"start":{"line":86,"column":4},"end":{"line":92,"column":9}}]},"34":{"type":"branch","line":97,"loc":{"start":{"line":97,"column":26},"end":{"line":173,"column":3}},"locations":[{"start":{"line":97,"column":26},"end":{"line":173,"column":3}}]},"35":{"type":"branch","line":103,"loc":{"start":{"line":103,"column":26},"end":{"line":122,"column":5}},"locations":[{"start":{"line":103,"column":26},"end":{"line":122,"column":5}}]},"36":{"type":"branch","line":122,"loc":{"start":{"line":122,"column":5},"end":{"line":128,"column":5}},"locations":[{"start":{"line":122,"column":5},"end":{"line":128,"column":5}}]},"37":{"type":"branch","line":178,"loc":{"start":{"line":178,"column":6},"end":{"line":183,"column":11}},"locations":[{"start":{"line":178,"column":6},"end":{"line":183,"column":11}}]},"38":{"type":"branch","line":223,"loc":{"start":{"line":223,"column":2},"end":{"line":229,"column":3}},"locations":[{"start":{"line":223,"column":2},"end":{"line":229,"column":3}}]},"39":{"type":"branch","line":241,"loc":{"start":{"line":241,"column":22},"end":{"line":241,"column":59}},"locations":[{"start":{"line":241,"column":22},"end":{"line":241,"column":59}}]},"40":{"type":"branch","line":251,"loc":{"start":{"line":251,"column":22},"end":{"line":251,"column":53}},"locations":[{"start":{"line":251,"column":22},"end":{"line":251,"column":53}}]},"41":{"type":"branch","line":251,"loc":{"start":{"line":251,"column":44},"end":{"line":251,"column":52}},"locations":[{"start":{"line":251,"column":44},"end":{"line":251,"column":52}}]},"42":{"type":"branch","line":264,"loc":{"start":{"line":264,"column":39},"end":{"line":281,"column":17}},"locations":[{"start":{"line":264,"column":39},"end":{"line":281,"column":17}}]},"43":{"type":"branch","line":266,"loc":{"start":{"line":266,"column":30},"end":{"line":280,"column":15}},"locations":[{"start":{"line":266,"column":30},"end":{"line":280,"column":15}}]},"44":{"type":"branch","line":272,"loc":{"start":{"line":272,"column":56},"end":{"line":272,"column":68}},"locations":[{"start":{"line":272,"column":56},"end":{"line":272,"column":68}}]},"45":{"type":"branch","line":272,"loc":{"start":{"line":272,"column":68},"end":{"line":272,"column":80}},"locations":[{"start":{"line":272,"column":68},"end":{"line":272,"column":80}}]},"46":{"type":"branch","line":277,"loc":{"start":{"line":277,"column":37},"end":{"line":277,"column":45}},"locations":[{"start":{"line":277,"column":37},"end":{"line":277,"column":45}}]},"47":{"type":"branch","line":277,"loc":{"start":{"line":277,"column":65},"end":{"line":277,"column":73}},"locations":[{"start":{"line":277,"column":65},"end":{"line":277,"column":73}}]}},"b":{"0":[24],"1":[0],"2":[12],"3":[12],"4":[22],"5":[12],"6":[12],"7":[24],"8":[88],"9":[0],"10":[0],"11":[0],"12":[88],"13":[11],"14":[1],"15":[10],"16":[0],"17":[6],"18":[11],"19":[6],"20":[12],"21":[6],"22":[6],"23":[11],"24":[6],"25":[12],"26":[6],"27":[6],"28":[11],"29":[11],"30":[0],"31":[6],"32":[7],"33":[8],"34":[8],"35":[2],"36":[6],"37":[10],"38":[1],"39":[1],"40":[1],"41":[1],"42":[11],"43":[116],"44":[105],"45":[11],"46":[0],"47":[0]},"fnMap":{"0":{"name":"ownKeys","decl":{"start":{"line":2,"column":0},"end":{"line":2,"column":60}},"loc":{"start":{"line":2,"column":0},"end":{"line":2,"column":60}},"line":2},"1":{"name":"_objectSpread","decl":{"start":{"line":2,"column":0},"end":{"line":2,"column":60}},"loc":{"start":{"line":2,"column":0},"end":{"line":2,"column":60}},"line":2},"2":{"name":"_defineProperty","decl":{"start":{"line":2,"column":0},"end":{"line":2,"column":60}},"loc":{"start":{"line":2,"column":0},"end":{"line":2,"column":60}},"line":2},"3":{"name":"_toPropertyKey","decl":{"start":{"line":2,"column":0},"end":{"line":2,"column":60}},"loc":{"start":{"line":2,"column":0},"end":{"line":2,"column":60}},"line":2},"4":{"name":"_toPrimitive","decl":{"start":{"line":2,"column":0},"end":{"line":2,"column":60}},"loc":{"start":{"line":2,"column":0},"end":{"line":2,"column":60}},"line":2},"5":{"name":"asyncGeneratorStep","decl":{"start":{"line":2,"column":0},"end":{"line":2,"column":60}},"loc":{"start":{"line":2,"column":0},"end":{"line":2,"column":60}},"line":2},"6":{"name":"_asyncToGenerator","decl":{"start":{"line":2,"column":0},"end":{"line":2,"column":60}},"loc":{"start":{"line":2,"column":0},"end":{"line":2,"column":60}},"line":2},"7":{"name":"_next","decl":{"start":{"line":2,"column":0},"end":{"line":2,"column":60}},"loc":{"start":{"line":2,"column":0},"end":{"line":2,"column":60}},"line":2},"8":{"name":"_throw","decl":{"start":{"line":2,"column":0},"end":{"line":2,"column":60}},"loc":{"start":{"line":2,"column":0},"end":{"line":2,"column":60}},"line":2},"9":{"name":"_slicedToArray","decl":{"start":{"line":2,"column":0},"end":{"line":2,"column":60}},"loc":{"start":{"line":2,"column":0},"end":{"line":2,"column":60}},"line":2},"10":{"name":"_nonIterableRest","decl":{"start":{"line":2,"column":0},"end":{"line":2,"column":60}},"loc":{"start":{"line":2,"column":0},"end":{"line":2,"column":60}},"line":2},"11":{"name":"_unsupportedIterableToArray","decl":{"start":{"line":2,"column":0},"end":{"line":2,"column":60}},"loc":{"start":{"line":2,"column":0},"end":{"line":2,"column":60}},"line":2},"12":{"name":"_arrayLikeToArray","decl":{"start":{"line":2,"column":0},"end":{"line":2,"column":60}},"loc":{"start":{"line":2,"column":0},"end":{"line":2,"column":60}},"line":2},"13":{"name":"_iterableToArrayLimit","decl":{"start":{"line":2,"column":0},"end":{"line":2,"column":60}},"loc":{"start":{"line":2,"column":0},"end":{"line":2,"column":60}},"line":2},"14":{"name":"_arrayWithHoles","decl":{"start":{"line":2,"column":0},"end":{"line":2,"column":60}},"loc":{"start":{"line":2,"column":0},"end":{"line":2,"column":60}},"line":2},"15":{"name":"EstoquePro","decl":{"start":{"line":35,"column":15},"end":{"line":352,"column":1}},"loc":{"start":{"line":35,"column":15},"end":{"line":352,"column":1}},"line":35},"16":{"name":"_callee","decl":{"start":{"line":51,"column":24},"end":{"line":53,"column":65}},"loc":{"start":{"line":51,"column":24},"end":{"line":53,"column":65}},"line":51},"17":{"name":"_callee$","decl":{"start":{"line":51,"column":24},"end":{"line":53,"column":65}},"loc":{"start":{"line":51,"column":24},"end":{"line":53,"column":65}},"line":51},"18":{"name":"_callee2","decl":{"start":{"line":55,"column":29},"end":{"line":57,"column":70}},"loc":{"start":{"line":55,"column":29},"end":{"line":57,"column":70}},"line":55},"19":{"name":"_callee2$","decl":{"start":{"line":55,"column":29},"end":{"line":57,"column":70}},"loc":{"start":{"line":55,"column":29},"end":{"line":57,"column":70}},"line":55},"20":{"name":"calcMov","decl":{"start":{"line":79,"column":18},"end":{"line":82,"column":49}},"loc":{"start":{"line":79,"column":18},"end":{"line":82,"column":49}},"line":79},"21":{"name":"cell","decl":{"start":{"line":108,"column":16},"end":{"line":108,"column":64}},"loc":{"start":{"line":108,"column":16},"end":{"line":108,"column":64}},"line":108},"22":{"name":"cell","decl":{"start":{"line":113,"column":16},"end":{"line":113,"column":64}},"loc":{"start":{"line":113,"column":16},"end":{"line":113,"column":64}},"line":113},"23":{"name":"accessorFn","decl":{"start":{"line":118,"column":22},"end":{"line":118,"column":70}},"loc":{"start":{"line":118,"column":22},"end":{"line":118,"column":70}},"line":118},"24":{"name":"cell","decl":{"start":{"line":119,"column":16},"end":{"line":119,"column":50}},"loc":{"start":{"line":119,"column":16},"end":{"line":119,"column":50}},"line":119},"25":{"name":"cell","decl":{"start":{"line":126,"column":14},"end":{"line":126,"column":62}},"loc":{"start":{"line":126,"column":14},"end":{"line":126,"column":62}},"line":126},"26":{"name":"cell","decl":{"start":{"line":135,"column":14},"end":{"line":135,"column":42}},"loc":{"start":{"line":135,"column":14},"end":{"line":135,"column":42}},"line":135},"27":{"name":"cell","decl":{"start":{"line":143,"column":14},"end":{"line":148,"column":9}},"loc":{"start":{"line":143,"column":14},"end":{"line":148,"column":9}},"line":143},"28":{"name":"cell","decl":{"start":{"line":153,"column":14},"end":{"line":169,"column":13}},"loc":{"start":{"line":153,"column":14},"end":{"line":169,"column":13}},"line":153},"29":{"name":"handleDelete","decl":{"start":{"line":195,"column":2},"end":{"line":196,"column":30}},"loc":{"start":{"line":195,"column":2},"end":{"line":196,"column":30}},"line":195},"30":{"name":"_handleDelete","decl":{"start":{"line":196,"column":29},"end":{"line":201,"column":3}},"loc":{"start":{"line":196,"column":29},"end":{"line":201,"column":3}},"line":196},"31":{"name":"handleEditChange","decl":{"start":{"line":203,"column":2},"end":{"line":206,"column":3}},"loc":{"start":{"line":203,"column":2},"end":{"line":206,"column":3}},"line":203},"32":{"name":"handleSave","decl":{"start":{"line":207,"column":-2},"end":{"line":208,"column":31}},"loc":{"start":{"line":207,"column":-2},"end":{"line":208,"column":31}},"line":207},"33":{"name":"_handleSave","decl":{"start":{"line":208,"column":27},"end":{"line":221,"column":3}},"loc":{"start":{"line":208,"column":27},"end":{"line":221,"column":3}},"line":208},"34":{"name":"exportExcel","decl":{"start":{"line":223,"column":2},"end":{"line":229,"column":3}},"loc":{"start":{"line":223,"column":2},"end":{"line":229,"column":3}},"line":223},"35":{"name":"onChange","decl":{"start":{"line":241,"column":22},"end":{"line":241,"column":59}},"loc":{"start":{"line":241,"column":22},"end":{"line":241,"column":59}},"line":241},"36":{"name":"onChange","decl":{"start":{"line":251,"column":22},"end":{"line":251,"column":53}},"loc":{"start":{"line":251,"column":22},"end":{"line":251,"column":53}},"line":251},"37":{"name":"onClick","decl":{"start":{"line":296,"column":25},"end":{"line":296,"column":52}},"loc":{"start":{"line":296,"column":25},"end":{"line":296,"column":52}},"line":296},"38":{"name":"onClick","decl":{"start":{"line":302,"column":25},"end":{"line":302,"column":48}},"loc":{"start":{"line":302,"column":25},"end":{"line":302,"column":48}},"line":302},"39":{"name":"onHide","decl":{"start":{"line":307,"column":38},"end":{"line":307,"column":64}},"loc":{"start":{"line":307,"column":38},"end":{"line":307,"column":64}},"line":307},"40":{"name":"onClick","decl":{"start":{"line":342,"column":47},"end":{"line":342,"column":73}},"loc":{"start":{"line":342,"column":47},"end":{"line":342,"column":73}},"line":342}},"f":{"0":0,"1":0,"2":0,"3":0,"4":0,"5":24,"6":22,"7":24,"8":0,"9":88,"10":0,"11":0,"12":0,"13":0,"14":88,"15":11,"16":6,"17":12,"18":6,"19":12,"20":0,"21":0,"22":0,"23":0,"24":0,"25":0,"26":0,"27":0,"28":0,"29":0,"30":0,"31":0,"32":0,"33":0,"34":1,"35":1,"36":1,"37":0,"38":0,"39":0,"40":0}}
,"C:\\Projetos\\estoque-premium\\src\\pages\\LancamentoEntradaSaida\\LancamentoEntradaSaida.jsx": {"path":"C:\\Projetos\\estoque-premium\\src\\pages\\LancamentoEntradaSaida\\LancamentoEntradaSaida.jsx","all":false,"statementMap":{"0":{"start":{"line":1,"column":0},"end":{"line":1,"column":62}},"1":{"start":{"line":2,"column":0},"end":{"line":2,"column":51}},"2":{"start":{"line":3,"column":0},"end":{"line":3,"column":38}},"3":{"start":{"line":4,"column":0},"end":{"line":4,"column":36}},"4":{"start":{"line":5,"column":0},"end":{"line":5,"column":8}},"5":{"start":{"line":6,"column":0},"end":{"line":6,"column":13}},"6":{"start":{"line":7,"column":0},"end":{"line":7,"column":10}},"7":{"start":{"line":8,"column":0},"end":{"line":8,"column":8}},"8":{"start":{"line":9,"column":0},"end":{"line":9,"column":28}},"9":{"start":{"line":10,"column":0},"end":{"line":10,"column":47}},"10":{"start":{"line":11,"column":0},"end":{"line":11,"column":0}},"11":{"start":{"line":12,"column":0},"end":{"line":12,"column":50}},"12":{"start":{"line":13,"column":0},"end":{"line":13,"column":47}},"13":{"start":{"line":14,"column":0},"end":{"line":14,"column":57}},"14":{"start":{"line":15,"column":0},"end":{"line":15,"column":48}},"15":{"start":{"line":16,"column":0},"end":{"line":16,"column":13}},"16":{"start":{"line":17,"column":0},"end":{"line":17,"column":18}},"17":{"start":{"line":18,"column":0},"end":{"line":18,"column":18}},"18":{"start":{"line":19,"column":0},"end":{"line":19,"column":5}},"19":{"start":{"line":20,"column":0},"end":{"line":20,"column":33}},"20":{"start":{"line":21,"column":0},"end":{"line":21,"column":0}},"21":{"start":{"line":22,"column":0},"end":{"line":22,"column":19}},"22":{"start":{"line":23,"column":0},"end":{"line":23,"column":35}},"23":{"start":{"line":24,"column":0},"end":{"line":24,"column":65}},"24":{"start":{"line":25,"column":0},"end":{"line":25,"column":71}},"25":{"start":{"line":26,"column":0},"end":{"line":26,"column":0}},"26":{"start":{"line":27,"column":0},"end":{"line":27,"column":69}},"27":{"start":{"line":28,"column":0},"end":{"line":28,"column":75}},"28":{"start":{"line":29,"column":0},"end":{"line":29,"column":6}},"29":{"start":{"line":30,"column":0},"end":{"line":30,"column":16}},"30":{"start":{"line":31,"column":0},"end":{"line":31,"column":9}},"31":{"start":{"line":32,"column":0},"end":{"line":32,"column":0}},"32":{"start":{"line":33,"column":0},"end":{"line":33,"column":29}},"33":{"start":{"line":34,"column":0},"end":{"line":34,"column":37}},"34":{"start":{"line":35,"column":0},"end":{"line":35,"column":56}},"35":{"start":{"line":36,"column":0},"end":{"line":36,"column":4}},"36":{"start":{"line":37,"column":0},"end":{"line":37,"column":0}},"37":{"start":{"line":38,"column":0},"end":{"line":38,"column":44}},"38":{"start":{"line":39,"column":0},"end":{"line":39,"column":59}},"39":{"start":{"line":40,"column":0},"end":{"line":40,"column":27}},"40":{"start":{"line":41,"column":0},"end":{"line":41,"column":0}},"41":{"start":{"line":42,"column":0},"end":{"line":42,"column":34}},"42":{"start":{"line":43,"column":0},"end":{"line":43,"column":69}},"43":{"start":{"line":44,"column":0},"end":{"line":44,"column":49}},"44":{"start":{"line":45,"column":0},"end":{"line":45,"column":32}},"45":{"start":{"line":46,"column":0},"end":{"line":46,"column":67}},"46":{"start":{"line":47,"column":0},"end":{"line":47,"column":49}},"47":{"start":{"line":48,"column":0},"end":{"line":48,"column":0}},"48":{"start":{"line":49,"column":0},"end":{"line":49,"column":57}},"49":{"start":{"line":50,"column":0},"end":{"line":50,"column":4}},"50":{"start":{"line":51,"column":0},"end":{"line":51,"column":0}},"51":{"start":{"line":52,"column":0},"end":{"line":52,"column":35}},"52":{"start":{"line":53,"column":0},"end":{"line":53,"column":23}},"53":{"start":{"line":54,"column":0},"end":{"line":54,"column":55}},"54":{"start":{"line":55,"column":0},"end":{"line":55,"column":45}},"55":{"start":{"line":56,"column":0},"end":{"line":56,"column":41}},"56":{"start":{"line":57,"column":0},"end":{"line":57,"column":13}},"57":{"start":{"line":58,"column":0},"end":{"line":58,"column":5}},"58":{"start":{"line":59,"column":0},"end":{"line":59,"column":0}},"59":{"start":{"line":60,"column":0},"end":{"line":60,"column":39}},"60":{"start":{"line":61,"column":0},"end":{"line":61,"column":56}},"61":{"start":{"line":62,"column":0},"end":{"line":62,"column":0}},"62":{"start":{"line":63,"column":0},"end":{"line":63,"column":47}},"63":{"start":{"line":64,"column":0},"end":{"line":64,"column":83}},"64":{"start":{"line":65,"column":0},"end":{"line":65,"column":13}},"65":{"start":{"line":66,"column":0},"end":{"line":66,"column":5}},"66":{"start":{"line":67,"column":0},"end":{"line":67,"column":0}},"67":{"start":{"line":68,"column":0},"end":{"line":68,"column":9}},"68":{"start":{"line":69,"column":0},"end":{"line":69,"column":53}},"69":{"start":{"line":70,"column":0},"end":{"line":70,"column":18}},"70":{"start":{"line":71,"column":0},"end":{"line":71,"column":13}},"71":{"start":{"line":72,"column":0},"end":{"line":72,"column":22}},"72":{"start":{"line":73,"column":0},"end":{"line":73,"column":24}},"73":{"start":{"line":74,"column":0},"end":{"line":74,"column":9}},"74":{"start":{"line":75,"column":0},"end":{"line":75,"column":50}},"75":{"start":{"line":76,"column":0},"end":{"line":76,"column":65}},"76":{"start":{"line":77,"column":0},"end":{"line":77,"column":69}},"77":{"start":{"line":78,"column":0},"end":{"line":78,"column":75}},"78":{"start":{"line":79,"column":0},"end":{"line":79,"column":27}},"79":{"start":{"line":80,"column":0},"end":{"line":80,"column":19}},"80":{"start":{"line":81,"column":0},"end":{"line":81,"column":25}},"81":{"start":{"line":82,"column":0},"end":{"line":82,"column":47}},"82":{"start":{"line":83,"column":0},"end":{"line":83,"column":5}},"83":{"start":{"line":84,"column":0},"end":{"line":84,"column":4}},"84":{"start":{"line":85,"column":0},"end":{"line":85,"column":0}},"85":{"start":{"line":86,"column":0},"end":{"line":86,"column":10}},"86":{"start":{"line":87,"column":0},"end":{"line":87,"column":37}},"87":{"start":{"line":88,"column":0},"end":{"line":88,"column":44}},"88":{"start":{"line":89,"column":0},"end":{"line":89,"column":44}},"89":{"start":{"line":90,"column":0},"end":{"line":90,"column":13}},"90":{"start":{"line":91,"column":0},"end":{"line":91,"column":37}},"91":{"start":{"line":92,"column":0},"end":{"line":92,"column":33}},"92":{"start":{"line":93,"column":0},"end":{"line":93,"column":39}},"93":{"start":{"line":94,"column":0},"end":{"line":94,"column":20}},"94":{"start":{"line":95,"column":0},"end":{"line":95,"column":9}},"95":{"start":{"line":96,"column":0},"end":{"line":96,"column":38}},"96":{"start":{"line":97,"column":0},"end":{"line":97,"column":48}},"97":{"start":{"line":98,"column":0},"end":{"line":98,"column":19}},"98":{"start":{"line":99,"column":0},"end":{"line":99,"column":23}},"99":{"start":{"line":100,"column":0},"end":{"line":100,"column":25}},"100":{"start":{"line":101,"column":0},"end":{"line":101,"column":37}},"101":{"start":{"line":102,"column":0},"end":{"line":102,"column":37}},"102":{"start":{"line":103,"column":0},"end":{"line":103,"column":22}},"103":{"start":{"line":104,"column":0},"end":{"line":104,"column":13}},"104":{"start":{"line":105,"column":0},"end":{"line":105,"column":49}},"105":{"start":{"line":106,"column":0},"end":{"line":106,"column":54}},"106":{"start":{"line":107,"column":0},"end":{"line":107,"column":50}},"107":{"start":{"line":108,"column":0},"end":{"line":108,"column":21}},"108":{"start":{"line":109,"column":0},"end":{"line":109,"column":16}},"109":{"start":{"line":110,"column":0},"end":{"line":110,"column":0}},"110":{"start":{"line":111,"column":0},"end":{"line":111,"column":38}},"111":{"start":{"line":112,"column":0},"end":{"line":112,"column":56}},"112":{"start":{"line":113,"column":0},"end":{"line":113,"column":19}},"113":{"start":{"line":114,"column":0},"end":{"line":114,"column":28}},"114":{"start":{"line":115,"column":0},"end":{"line":115,"column":30}},"115":{"start":{"line":116,"column":0},"end":{"line":116,"column":42}},"116":{"start":{"line":117,"column":0},"end":{"line":117,"column":37}},"117":{"start":{"line":118,"column":0},"end":{"line":118,"column":22}},"118":{"start":{"line":119,"column":0},"end":{"line":119,"column":13}},"119":{"start":{"line":120,"column":0},"end":{"line":120,"column":59}},"120":{"start":{"line":121,"column":0},"end":{"line":121,"column":34}},"121":{"start":{"line":122,"column":0},"end":{"line":122,"column":48}},"122":{"start":{"line":123,"column":0},"end":{"line":123,"column":71}},"123":{"start":{"line":124,"column":0},"end":{"line":124,"column":25}},"124":{"start":{"line":125,"column":0},"end":{"line":125,"column":17}},"125":{"start":{"line":126,"column":0},"end":{"line":126,"column":21}},"126":{"start":{"line":127,"column":0},"end":{"line":127,"column":16}},"127":{"start":{"line":128,"column":0},"end":{"line":128,"column":0}},"128":{"start":{"line":129,"column":0},"end":{"line":129,"column":38}},"129":{"start":{"line":130,"column":0},"end":{"line":130,"column":60}},"130":{"start":{"line":131,"column":0},"end":{"line":131,"column":18}},"131":{"start":{"line":132,"column":0},"end":{"line":132,"column":29}},"132":{"start":{"line":133,"column":0},"end":{"line":133,"column":27}},"133":{"start":{"line":134,"column":0},"end":{"line":134,"column":31}},"134":{"start":{"line":135,"column":0},"end":{"line":135,"column":43}},"135":{"start":{"line":136,"column":0},"end":{"line":136,"column":37}},"136":{"start":{"line":137,"column":0},"end":{"line":137,"column":47}},"137":{"start":{"line":138,"column":0},"end":{"line":138,"column":21}},"138":{"start":{"line":139,"column":0},"end":{"line":139,"column":22}},"139":{"start":{"line":140,"column":0},"end":{"line":140,"column":14}},"140":{"start":{"line":141,"column":0},"end":{"line":141,"column":16}},"141":{"start":{"line":142,"column":0},"end":{"line":142,"column":0}},"142":{"start":{"line":143,"column":0},"end":{"line":143,"column":58}},"143":{"start":{"line":144,"column":0},"end":{"line":144,"column":18}},"144":{"start":{"line":145,"column":0},"end":{"line":145,"column":19}},"145":{"start":{"line":146,"column":0},"end":{"line":146,"column":15}},"146":{"start":{"line":147,"column":0},"end":{"line":147,"column":12}},"147":{"start":{"line":148,"column":0},"end":{"line":148,"column":10}},"148":{"start":{"line":149,"column":0},"end":{"line":149,"column":4}},"149":{"start":{"line":150,"column":0},"end":{"line":150,"column":1}}},"s":{"0":1,"1":42,"2":1,"3":1,"4":1,"5":1,"6":1,"7":1,"8":1,"9":1,"10":1,"11":1,"12":14,"13":14,"14":14,"15":14,"16":14,"17":14,"18":14,"19":14,"20":14,"21":14,"22":4,"23":4,"24":4,"25":4,"26":4,"27":4,"28":4,"29":4,"30":14,"31":14,"32":14,"33":6,"34":6,"35":14,"36":14,"37":14,"38":12,"39":12,"40":12,"41":12,"42":12,"43":12,"44":12,"45":12,"46":12,"47":12,"48":12,"49":14,"50":14,"51":14,"52":3,"53":3,"54":3,"55":1,"56":2,"57":2,"58":2,"59":2,"60":2,"61":2,"62":2,"63":1,"64":1,"65":1,"66":1,"67":1,"68":1,"69":1,"70":1,"71":1,"72":1,"73":1,"74":1,"75":1,"76":1,"77":1,"78":1,"79":0,"80":0,"81":0,"82":14,"83":14,"84":14,"85":14,"86":14,"87":14,"88":14,"89":14,"90":14,"91":14,"92":14,"93":14,"94":14,"95":14,"96":14,"97":14,"98":14,"99":14,"100":14,"101":14,"102":14,"103":14,"104":14,"105":14,"106":14,"107":14,"108":14,"109":14,"110":14,"111":14,"112":14,"113":14,"114":14,"115":14,"116":14,"117":14,"118":14,"119":14,"120":14,"121":10,"122":10,"123":10,"124":14,"125":14,"126":14,"127":14,"128":14,"129":14,"130":14,"131":14,"132":14,"133":14,"134":14,"135":14,"136":14,"137":14,"138":14,"139":14,"140":14,"141":14,"142":14,"143":14,"144":14,"145":14,"146":14,"147":14,"148":14,"149":14},"branchMap":{"0":{"type":"branch","line":2,"loc":{"start":{"line":2,"column":0},"end":{"line":2,"column":51}},"locations":[{"start":{"line":2,"column":0},"end":{"line":2,"column":51}}]},"1":{"type":"branch","line":2,"loc":{"start":{"line":2,"column":0},"end":{"line":2,"column":51}},"locations":[{"start":{"line":2,"column":0},"end":{"line":2,"column":51}}]},"2":{"type":"branch","line":2,"loc":{"start":{"line":2,"column":0},"end":{"line":2,"column":51}},"locations":[{"start":{"line":2,"column":0},"end":{"line":2,"column":51}}]},"3":{"type":"branch","line":2,"loc":{"start":{"line":2,"column":0},"end":{"line":2,"column":51}},"locations":[{"start":{"line":2,"column":0},"end":{"line":2,"column":51}}]},"4":{"type":"branch","line":2,"loc":{"start":{"line":2,"column":0},"end":{"line":2,"c
[...]
:{"type":"branch","line":52,"loc":{"start":{"line":52,"column":30},"end":{"line":82,"column":47}},"locations":[{"start":{"line":52,"column":30},"end":{"line":82,"column":47}}]},"47":{"type":"branch","line":52,"loc":{"start":{"line":52,"column":30},"end":{"line":56,"column":41}},"locations":[{"start":{"line":52,"column":30},"end":{"line":56,"column":41}}]},"48":{"type":"branch","line":55,"loc":{"start":{"line":55,"column":13},"end":{"line":55,"column":27}},"locations":[{"start":{"line":55,"column":13},"end":{"line":55,"column":27}}]},"49":{"type":"branch","line":55,"loc":{"start":{"line":55,"column":27},"end":{"line":55,"column":42}},"locations":[{"start":{"line":55,"column":27},"end":{"line":55,"column":42}}]},"50":{"type":"branch","line":55,"loc":{"start":{"line":55,"column":42},"end":{"line":55,"column":45}},"locations":[{"start":{"line":55,"column":42},"end":{"line":55,"column":45}}]},"51":{"type":"branch","line":55,"loc":{"start":{"line":55,"column":42},"end":{"line":56,"column":41}},"locations":[{"start":{"line":55,"column":42},"end":{"line":56,"column":41}}]},"52":{"type":"branch","line":57,"loc":{"start":{"line":57,"column":-2},"end":{"line":64,"column":83}},"locations":[{"start":{"line":57,"column":-2},"end":{"line":64,"column":83}}]},"53":{"type":"branch","line":63,"loc":{"start":{"line":63,"column":24},"end":{"line":63,"column":44}},"locations":[{"start":{"line":63,"column":24},"end":{"line":63,"column":44}}]},"54":{"type":"branch","line":63,"loc":{"start":{"line":63,"column":44},"end":{"line":64,"column":83}},"locations":[{"start":{"line":63,"column":44},"end":{"line":64,"column":83}}]},"55":{"type":"branch","line":65,"loc":{"start":{"line":65,"column":-2},"end":{"line":74,"column":9}},"locations":[{"start":{"line":65,"column":-2},"end":{"line":74,"column":9}}]},"56":{"type":"branch","line":74,"loc":{"start":{"line":74,"column":8},"end":{"line":77,"column":69}},"locations":[{"start":{"line":74,"column":8},"end":{"line":77,"column":69}}]},"57":{"type":"branch","line":77,"loc":{"start":{"line":77,"column":68},"end":{"line":79,"column":27}},"locations":[{"start":{"line":77,"column":68},"end":{"line":79,"column":27}}]},"58":{"type":"branch","line":80,"loc":{"start":{"line":80,"column":-2},"end":{"line":82,"column":47}},"locations":[{"start":{"line":80,"column":-2},"end":{"line":82,"column":47}}]},"59":{"type":"branch","line":121,"loc":{"start":{"line":121,"column":28},"end":{"line":124,"column":25}},"locations":[{"start":{"line":121,"column":28},"end":{"line":124,"column":25}}]}},"b":{"0":[16],"1":[16],"2":[22],"3":[0],"4":[16],"5":[6],"6":[0],"7":[26],"8":[32],"9":[0],"10":[32],"11":[0],"12":[32],"13":[0],"14":[0],"15":[0],"16":[17],"17":[0],"18":[7],"19":[10],"20":[18],"21":[7],"22":[7],"23":[17],"24":[42],"25":[0],"26":[0],"27":[0],"28":[42],"29":[14],"30":[4],"31":[4],"32":[4],"33":[12],"34":[4],"35":[4],"36":[4],"37":[4],"38":[6],"39":[6],"40":[12],"41":[0],"42":[12],"43":[14],"44":[3],"45":[7],"46":[11],"47":[3],"48":[2],"49":[2],"50":[2],"51":[1],"52":[2],"53":[1],"54":[1],"55":[1],"56":[1],"57":[1],"58":[0],"59":[10]},"fnMap":{"0":{"name":"ownKeys","decl":{"start":{"line":2,"column":0},"end":{"line":2,"column":51}},"loc":{"start":{"line":2,"column":0},"end":{"line":2,"column":51}},"line":2},"1":{"name":"_objectSpread","decl":{"start":{"line":2,"column":0},"end":{"line":2,"column":51}},"loc":{"start":{"line":2,"column":0},"end":{"line":2,"column":51}},"line":2},"2":{"name":"_defineProperty","decl":{"start":{"line":2,"column":0},"end":{"line":2,"column":51}},"loc":{"start":{"line":2,"column":0},"end":{"line":2,"column":51}},"line":2},"3":{"name":"_toPropertyKey","decl":{"start":{"line":2,"column":0},"end":{"line":2,"column":51}},"loc":{"start":{"line":2,"column":0},"end":{"line":2,"column":51}},"line":2},"4":{"name":"_toPrimitive","decl":{"start":{"line":2,"column":0},"end":{"line":2,"column":51}},"loc":{"start":{"line":2,"column":0},"end":{"line":2,"column":51}},"line":2},"5":{"name":"asyncGeneratorStep","decl":{"start":{"line":2,"column":0},"end":{"line":2,"column":51}},"loc":{"start":{"line":2,"column":0},"end":{"line":2,"column":51}},"line":2},"6":{"name":"_asyncToGenerator","decl":{"start":{"line":2,"column":0},"end":{"line":2,"column":51}},"loc":{"start":{"line":2,"column":0},"end":{"line":2,"column":51}},"line":2},"7":{"name":"_next","decl":{"start":{"line":2,"column":0},"end":{"line":2,"column":51}},"loc":{"start":{"line":2,"column":0},"end":{"line":2,"column":51}},"line":2},"8":{"name":"_throw","decl":{"start":{"line":2,"column":0},"end":{"line":2,"column":51}},"loc":{"start":{"line":2,"column":0},"end":{"line":2,"column":51}},"line":2},"9":{"name":"_slicedToArray","decl":{"start":{"line":2,"column":0},"end":{"line":2,"column":51}},"loc":{"start":{"line":2,"column":0},"end":{"line":2,"column":51}},"line":2},"10":{"name":"_nonIterableRest","decl":{"start":{"line":2,"column":0},"end":{"line":2,"column":51}},"loc":{"start":{"line":2,"column":0},"end":{"line":2,"column":51}},"line":2},"11":{"name":"_unsupportedIterableToArray","decl":{"start":{"line":2,"column":0},"end":{"line":2,"column":51}},"loc":{"start":{"line":2,"column":0},"end":{"line":2,"column":51}},"line":2},"12":{"name":"_arrayLikeToArray","decl":{"start":{"line":2,"column":0},"end":{"line":2,"column":51}},"loc":{"start":{"line":2,"column":0},"end":{"line":2,"column":51}},"line":2},"13":{"name":"_iterableToArrayLimit","decl":{"start":{"line":2,"column":0},"end":{"line":2,"column":51}},"loc":{"start":{"line":2,"column":0},"end":{"line":2,"column":51}},"line":2},"14":{"name":"_arrayWithHoles","decl":{"start":{"line":2,"column":0},"end":{"line":2,"column":51}},"loc":{"start":{"line":2,"column":0},"end":{"line":2,"column":51}},"line":2},"15":{"name":"LancamentoEntradaSaida","decl":{"start":{"line":12,"column":15},"end":{"line":150,"column":1}},"loc":{"start":{"line":12,"column":15},"end":{"line":150,"column":1}},"line":12},"16":{"name":"_callee","decl":{"start":{"line":23,"column":22},"end":{"line":28,"column":75}},"loc":{"start":{"line":23,"column":22},"end":{"line":28,"column":75}},"line":23},"17":{"name":"_callee$","decl":{"start":{"line":23,"column":22},"end":{"line":28,"column":75}},"loc":{"start":{"line":23,"column":22},"end":{"line":28,"column":75}},"line":23},"18":{"name":"handleChange","decl":{"start":{"line":33,"column":23},"end":{"line":36,"column":3}},"loc":{"start":{"line":33,"column":23},"end":{"line":36,"column":3}},"line":33},"19":{"name":"calculaEstoqueAtual","decl":{"start":{"line":38,"column":30},"end":{"line":50,"column":3}},"loc":{"start":{"line":38,"column":30},"end":{"line":50,"column":3}},"line":38},"20":{"name":"_callee2","decl":{"start":{"line":52,"column":23},"end":{"line":82,"column":47}},"loc":{"start":{"line":52,"column":23},"end":{"line":82,"column":47}},"line":52},"21":{"name":"_callee2$","decl":{"start":{"line":52,"column":30},"end":{"line":82,"column":47}},"loc":{"start":{"line":52,"column":30},"end":{"line":82,"column":47}},"line":52}},"f":{"0":16,"1":16,"2":32,"3":32,"4":32,"5":17,"6":18,"7":17,"8":0,"9":42,"10":0,"11":0,"12":0,"13":0,"14":42,"15":14,"16":4,"17":12,"18":6,"19":12,"20":3,"21":7}}
,"C:\\Projetos\\estoque-premium\\src\\pages\\Login\\Login.jsx": {"path":"C:\\Projetos\\estoque-premium\\src\\pages\\Login\\Login.jsx","all":false,"statementMap":{"0":{"start":{"line":1,"column":0},"end":{"line":1,"column":28}},"1":{"start":{"line":2,"column":0},"end":{"line":2,"column":40}},"2":{"start":{"line":3,"column":0},"end":{"line":3,"column":47}},"3":{"start":{"line":4,"column":0},"end":{"line":4,"column":59}},"4":{"start":{"line":5,"column":0},"end":{"line":5,"column":38}},"5":{"start":{"line":6,"column":0},"end":{"line":6,"column":21}},"6":{"start":{"line":7,"column":0},"end":{"line":7,"column":0}},"7":{"start":{"line":8,"column":0},"end":{"line":8,"column":33}},"8":{"start":{"line":9,"column":0},"end":{"line":9,"column":45}},"9":{"start":{"line":10,"column":0},"end":{"line":10,"column":45}},"10":{"start":{"line":11,"column":0},"end":{"line":11,"column":45}},"11":{"start":{"line":12,"column":0},"end":{"line":12,"column":48}},"12":{"start":{"line":13,"column":0},"end":{"line":13,"column":33}},"13":{"start":{"line":14,"column":0},"end":{"line":14,"column":0}},"14":{"start":{"line":15,"column":0},"end":{"line":15,"column":37}},"15":{"start":{"line":16,"column":0},"end":{"line":16,"column":23}},"16":{"start":{"line":17,"column":0},"end":{"line":17,"column":16}},"17":{"start":{"line":18,"column":0},"end":{"line":18,"column":21}},"18":{"start":{"line":19,"column":0},"end":{"line":19,"column":9}},"19":{"start":{"line":20,"column":0},"end":{"line":20,"column":59}},"20":{"start":{"line":21,"column":0},"end":{"line":21,"column":77}},"21":{"start":{"line":22,"column":0},"end":{"line":22,"column":19}},"22":{"start":{"line":23,"column":0},"end":{"line":23,"column":25}},"23":{"start":{"line":24,"column":0},"end":{"line":24,"column":44}},"24":{"start":{"line":25,"column":0},"end":{"line":25,"column":15}},"25":{"start":{"line":26,"column":0},"end":{"line":26,"column":24}},"26":{"start":{"line":27,"column":0},"end":{"line":27,"column":5}},"27":{"start":{"line":28,"column":0},"end":{"line":28,"column":4}},"28":{"start":{"line":29,"column":0},"end":{"line":29,"column":0}},"29":{"start":{"line":30,"column":0},"end":{"line":30,"column":10}},"30":{"start":{"line":31,"column":0},"end":{"line":31,"column":32}},"31":{"start":{"line":32,"column":0},"end":{"line":32,"column":59}},"32":{"start":{"line":33,"column":0},"end":{"line":33,"column":23}},"33":{"start":{"line":34,"column":0},"end":{"line":34,"column":0}},"34":{"start":{"line":35,"column":0},"end":{"line":35,"column":59}},"35":{"start":{"line":36,"column":0},"end":{"line":36,"column":0}},"36":{"start":{"line":37,"column":0},"end":{"line":37,"column":45}},"37":{"start":{"line":38,"column":0},"end":{"line":38,"column":14}},"38":{"start":{"line":39,"column":0},"end":{"line":39,"column":20}},"39":{"start":{"line":40,"column":0},"end":{"line":40,"column":22}},"40":{"start":{"line":41,"column":0},"end":{"line":41,"column":23}},"41":{"start":{"line":42,"column":0},"end":{"line":42,"column":50}},"42":{"start":{"line":43,"column":0},"end":{"line":43,"column":39}},"43":{"start":{"line":44,"column":0},"end":{"line":44,"column":18}},"44":{"start":{"line":45,"column":0},"end":{"line":45,"column":10}},"45":{"start":{"line":46,"column":0},"end":{"line":46,"column":0}},"46":{"start":{"line":47,"column":0},"end":{"line":47,"column":44}},"47":{"start":{"line":48,"column":0},"end":{"line":48,"column":14}},"48":{"start":{"line":49,"column":0},"end":{"line":49,"column":20}},"49":{"start":{"line":50,"column":0},"end":{"line":50,"column":25}},"50":{"start":{"line":51,"column":0},"end":{"line":51,"column":23}},"51":{"start":{"line":52,"column":0},"end":{"line":52,"column":50}},"52":{"start":{"line":53,"column":0},"end":{"line":53,"column":32}},"53":{"start":{"line":54,"column":0},"end":{"line":54,"column":18}},"54":{"start":{"line":55,"column":0},"end":{"line":55,"column":10}},"55":{"start":{"line":56,"column":0},"end":{"line":56,"column":0}},"56":{"start":{"line":57,"column":0},"end":{"line":57,"column":49}},"57":{"start":{"line":58,"column":0},"end":{"line":58,"column":44}},"58":{"start":{"line":59,"column":0},"end":{"line":59,"column":17}},"59":{"start":{"line":60,"column":0},"end":{"line":60,"column":13}},"60":{"start":{"line":61,"column":0},"end":{"line":61,"column":10}},"61":{"start":{"line":62,"column":0},"end":{"line":62,"column":4}},"62":{"start":{"line":63,"column":0},"end":{"line":63,"column":1}}},"s":{"0":1,"1":72,"2":1,"3":1,"4":1,"5":1,"6":1,"7":1,"8":18,"9":18,"10":18,"11":18,"12":18,"13":18,"14":18,"15":3,"16":3,"17":3,"18":3,"19":3,"20":2,"21":1,"22":1,"23":1,"24":3,"25":3,"26":18,"27":18,"28":18,"29":18,"30":18,"31":18,"32":18,"33":18,"34":18,"35":18,"36":18,"37":18,"38":18,"39":18,"40":18,"41":18,"42":18,"43":18,"44":18,"45":18,"46":18,"47":18,"48":18,"49":18,"50":18,"51":18,"52":18,"53":18,"54":18,"55":18,"56":18,"57":18,"58":18,"59":18,"60":18,"61":18,"62":18},"branchMap":{"0":{"type":"branch","line":2,"loc":{"start":{"line":2,"column":0},"end":{"line":2,"column":40}},"locations":[{"start":{"line":2,"column":0},"end":{"line":2,"column":40}}]},"1":{"type":"branch","line":2,"loc":{"start":{"line":2,"column":0},"end":{"line":2,"column":40}},"locations":[{"start":{"line":2,"column":0},"end":{"line":2,"column":40}}]},"2":{"type":"branch","line":2,"loc":{"start":{"line":2,"column":0},"end":{"line":2,"column":40}},"locations":[{"start":{"line":2,"column":0},"end":{"line":2,"column":40}}]},"3":{"type":"branch","line":2,"loc":{"start":{"line":2,"column":0},"end":{"line":2,"column":40}},"locations":[{"start":{"line":2,"column":0},"end":{"line":2,"column":40}}]},"4":{"type":"branch","line":2,"loc":{"start":{"line":2,"column":0},"end":{"line":2,"column":40}},"locations":[{"start":{"line":2,"column":0},"end":{"line":2,"column":40}}]},"5":{"type":"branch","line":2,"loc":{"start":{"line":2,"column":0},"end":{"line":2,"column":40}},"locations":[{"start":{"line":2,"column":0},"end":{"line":2,"column":40}}]},"6":{"type":"branch","line":2,"loc":{"start":{"line":2,"column":0},"end":{"line":2,"column":40}},"locations":[{"start":{"line":2,"column":0},"end":{"line":2,"column":40}}]},"7":{"type":"branch","line":2,"loc":{"start":{"line":2,"column":0},"end":{"line":2,"column":40}},"locations":[{"start":{"line":2,"column":0},"end":{"line":2,"column":40}}]},"8":{"type":"branch","line":2,"loc":{"start":{"line":2,"column":0},"end":{"line":2,"column":40}},"locations":[{"start":{"line":2,"column":0},"end":{"line":2,"column":40}}]},"9":{"type":"branch","line":2,"loc":{"start":{"line":2,"column":0},"end":{"line":2,"column":40}},"locations":[{"start":{"line":2,"column":0},"end":{"line":2,"column":40}}]},"10":{"type":"branch","line":2,"loc":{"start":{"line":2,"column":0},"end":{"line":2,"column":40}},"locations":[{"start":{"line":2,"column":0},"end":{"line":2,"column":40}}]},"11":{"type":"branch","line":2,"loc":{"start":{"line":2,"column":0},"end":{"line":2,"column":40}},"locations":[{"start":{"line":2,"column":0},"end":{"line":2,"column":40}}]},"12":{"type":"branch","line":2,"loc":{"start":{"line":2,"column":0},"end":{"line":2,"column":40}},"locations":[{"start":{"line":2,"column":0},"end":{"line":2,"column":40}}]},"13":{"type":"branch","line":2,"loc":{"start":{"line":2,"column":0},"end":{"line":2,"column":40}},"locations":[{"start":{"line":2,"column":0},"end":{"line":2,"column":40}}]},"14":{"type":"branch","line":8,"loc":{"start":{"line":8,"column":15},"end":{"line":63,"column":1}},"locations":[{"start":{"line":8,"column":15},"end":{"line":63,"column":1}}]},"15":{"type":"branch","line":35,"loc":{"start":{"line":35,"column":13},"end":{"line":35,"column":58}},"locations":[{"start":{"line":35,"column":13},"end":{"line":35,"column":58}}]},"16":{"type":"branch","line":58,"loc":{"start":{"line":58,"column":18},"end":{"line":58,"column":32}},"locations":[{"start":{"line":58,"column":18},"end":{"line":58,"column":32}}]},"17":{"type":"branch","line":58,"loc":{"start":{"line":58,"column":32},"end":{"line":58,"column":44}},"locations":[{"start":{"line":58,"column":32},"end":{"line":58,"column":44}}]},"18":{"type":"branch","line":15,"loc":{"start":{"line":15,"column":20},"end":{"line":15,"column":23}},"locations":[{"start":{"line":15,"column":20},"end":{"line":15,"column":23}}]},"19":{"type":"branch","line":15,"loc":{"start":{"line":15,"column":23},"end":{"line":26,"column":24}},"locations":[{"start":{"line":15,"column":23},"end":{"line":26,"column":24}}]},"20":{"type":"branch","line":15,"loc":{"start":{"line":15,"column":31},"end":{"line":26,"column":24}},"locations":[{"start":{"line":15,"column":31},"end":{"line":26,"column":24}}]},"21":{"type":"branch","line":15,"loc":{"start":{"line":15,"column":31},"end":{"line":26,"column":24}},"locations":[{"start":{"line":15,"column":31},"end":{"line":26,"column":24}}]},"22":{"type":"branch","line":15,"loc":{"start":{"line":15,"column":31},"end":{"line":20,"column":59}},"locations":[{"start":{"line":15,"column":31},"end":{"line":20,"column":59}}]},"23":{"type":"branch","line":20,"loc":{"start":{"line":20,"column":58},"end":{"line":21,"column":77}},"locations":[{"start":{"line":20,"column":58},"end":{"line":21,"column":77}}]},"24":{"type":"branch","line":21,"loc":{"start":{"line":21,"column":21},"end":{"line":24,"column":44}},"locations":[{"start":{"line":21,"column":21},"end":{"line":24,"column":44}}]},"25":{"type":"branch","line":25,"loc":{"start":{"line":25,"column":-2},"end":{"line":26,"column":24}},"locations":[{"start":{"line":25,"column":-2},"end":{"line":26,"column":24}}]},"26":{"type":"branch","line":42,"loc":{"start":{"line":42,"column":20},"end":{"line":42,"column":50}},"locations":[{"start":{"line":42,"column":20},"end":{"line":42,"column":50}}]},"27":{"type":"branch","line":52,"loc":{"start":{"line":52,"column":20},"end":{"line":52,"column":50}},"locations":[{"start":{"line":52,"column":20},"end":{"line":52,"column":50}}]}},"b":{"0":[6],"1":[0],"2":[3],"3":[3],"4":[18],"5":[3],"6":[3],"7":[5],"8":[1],"9":[72],"10":[0],"11":[0],"12":[0],"13":[72],"14":[18],"15":[1],"16":[3],"17":[15],"18":[18],"19":[3],"20":[9],"21":[11],"22":[3],"23":[2],"24":[1],"25":[3],"26":[4],"27":[4]},"fnMap":{"0":{"name":"asyncGeneratorStep","decl":{"start":{"line":2,"column":0},"end":{"line":2,"column":40}},"loc":{"start":{"line":2,"column":0},"end":{"line":2,"column":40}},"line":2},"1":{"name":"_asyncToGenerator","decl":{"start":{"line":2,"column":0},"end":{"line":2,"column":40}},"loc":{"start":{"line":2,"column":0},"end":{"line":2,"column":40}},"line":2},"2":{"name":"_next","decl":{"start":{"line":2,"column":0},"end":{"line":2,"column":40}},"loc":{"start":{"line":2,"column":0},"end":{"line":2,"column":40}},"line":2},"3":{"name":"_throw","decl":{"start":{"line":2,"column":0},"end":{"line":2,"column":40}},"loc":{"start":{"line":2,"column":0},"end":{"line":2,"column":40}},"line":2},"4":{"name":"_slicedToArray","decl":{"start":{"line":2,"column":0},"end":{"line":2,"column":40}},"loc":{"start":{"line":2,"column":0},"end":{"line":2,"column":40}},"line":2},"5":{"name":"_nonIterableRest","decl":{"start":{"line":2,"column":0},"end":{"line":2,"column":40}},"loc":{"start":{"line":2,"column":0},"end":{"line":2,"column":40}},"line":2},"6":{"name":"_unsupportedIterableToArray","decl":{"start":{"line":2,"column":0},"end":{"line":2,"column":40}},"loc":{"start":{"line":2,"column":0},"end":{"line":2,"column":40}},"line":2},"7":{"name":"_arrayLikeToArray","decl":{"start":{"line":2,"column":0},"end":{"line":2,"column":40}},"loc":{"start":{"line":2,"column":0},"end":{"line":2,"column":40}},"line":2},"8":{"name":"_iterableToArrayLimit","decl":{"start":{"line":2,"column":0},"end":{"line":2,"column":40}},"loc":{"start":{"line":2,"column":0},"end":{"line":2,"column":40}},"line":2},"9":{"name":"_arrayWithHoles","decl":{"start":{"line":2,"column":0},"end":{"line":2,"column":40}},"loc":{"start":{"line":2,"column":0},"end":{"line":2,"column":40}},"line":2},"10":{"name":"Login","decl":{"start":{"line":8,"column":15},"end":{"line":63,"column":1}},"loc":{"start":{"line":8,"column":15},"end":{"line":63,"column":1}},"line":8},"11":{"name":"_callee","decl":{"start":{"line":15,"column":23},"end":{"line":26,"column":24}},"loc":{"start":{"line":15,"column":23},"end":{"line":26,"column":24}},"line":15},"12":{"name":"_callee$","decl":{"start":{"line":15,"column":31},"end":{"line":26,"column":24}},"loc":{"start":{"line":15,"column":31},"end":{"line":26,"column":24}},"line":15},"13":{"name":"onChange","decl":{"start":{"line":42,"column":20},"end":{"line":42,"column":50}},"loc":{"start":{"line":42,"column":20},"end":{"line":42,"column":50}},"line":42},"14":{"name":"onChange","decl":{"start":{"line":52,"column":20},"end":{"line":52,"column":50}},"loc":{"start":{"line":52,"column":20},"end":{"line":52,"column":50}},"line":52}},"f":{"0":6,"1":18,"2":5,"3":1,"4":72,"5":0,"6":0,"7":0,"8":0,"9":72,"10":18,"11":3,"12":9,"13":4,"14":4}}
}
