TN:
SF:src\pages\CadastroProduto\CadastroProduto.jsx
FN:2,asyncGeneratorStep
FN:2,_asyncToGenerator
FN:2,_next
FN:2,_throw
FN:2,ownKeys
FN:2,_objectSpread
FN:2,_defineProperty
FN:2,_toPropertyKey
FN:2,_toPrimitive
FN:2,_slicedToArray
FN:2,_nonIterableRest
FN:2,_unsupportedIterableToArray
FN:2,_arrayLikeToArray
FN:2,_iterableToArrayLimit
FN:2,_arrayWithHoles
FN:6,CadastroProduto
FN:17,handleChange
FN:25,_callee
FN:25,_callee$
FNF:19
FNH:14
FNDA:2,asyncGeneratorStep
FNDA:9,_asyncToGenerator
FNDA:2,_next
FNDA:0,_throw
FNDA:14,ownKeys
FNDA:14,_objectSpread
FNDA:56,_defineProperty
FNDA:56,_toPropertyKey
FNDA:56,_toPrimitive
FNDA:9,_slicedToArray
FNDA:0,_nonIterableRest
FNDA:0,_unsupportedIterableToArray
FNDA:0,_arrayLikeToArray
FNDA:0,_iterableToArrayLimit
FNDA:9,_arrayWithHoles
FNDA:9,CadastroProduto
FNDA:7,handleChange
FNDA:1,_callee
FNDA:2,_callee$
DA:1,1
DA:2,9
DA:3,1
DA:4,1
DA:5,1
DA:6,1
DA:7,9
DA:8,9
DA:9,9
DA:10,9
DA:11,9
DA:12,9
DA:13,9
DA:14,9
DA:15,9
DA:16,9
DA:17,9
DA:18,7
DA:19,7
DA:20,7
DA:21,7
DA:22,7
DA:23,9
DA:24,9
DA:25,9
DA:26,1
DA:27,1
DA:28,1
DA:29,1
DA:30,1
DA:31,1
DA:32,1
DA:33,1
DA:34,1
DA:35,1
DA:36,1
DA:37,1
DA:38,1
DA:39,1
DA:40,1
DA:41,1
DA:42,1
DA:43,1
DA:44,1
DA:45,1
DA:46,1
DA:47,1
DA:48,1
DA:49,1
DA:50,1
DA:51,0
DA:52,0
DA:53,0
DA:54,0
DA:55,9
DA:56,9
DA:57,9
DA:58,9
DA:59,9
DA:60,9
DA:61,9
DA:62,9
DA:63,9
DA:64,9
DA:65,9
DA:66,9
DA:67,9
DA:68,9
DA:69,9
DA:70,9
DA:71,9
DA:72,9
DA:73,9
DA:74,9
DA:75,9
DA:76,9
DA:77,9
DA:78,9
DA:79,9
DA:80,9
DA:81,9
DA:82,9
DA:83,9
DA:84,9
DA:85,9
DA:86,9
DA:87,9
DA:88,9
DA:89,9
DA:90,9
DA:91,9
DA:92,9
DA:93,9
DA:94,9
DA:95,9
DA:96,9
DA:97,9
DA:98,9
DA:99,9
DA:100,9
DA:101,9
DA:102,9
DA:103,9
DA:104,9
DA:105,9
DA:106,9
DA:107,9
DA:108,9
DA:109,9
DA:110,9
DA:111,9
DA:112,9
DA:113,9
DA:114,9
DA:115,9
DA:116,9
DA:117,9
DA:118,9
DA:119,9
DA:120,9
DA:121,9
DA:122,9
DA:123,9
DA:124,9
DA:125,9
DA:126,9
DA:127,9
DA:128,9
DA:129,9
DA:130,9
DA:131,9
DA:132,9
DA:133,9
DA:134,9
DA:135,9
DA:136,9
DA:137,9
DA:138,9
DA:139,9
DA:140,9
DA:141,9
DA:142,9
DA:143,9
DA:144,9
DA:145,9
DA:146,9
DA:147,9
DA:148,9
DA:149,9
DA:150,9
DA:151,9
DA:152,9
DA:153,9
DA:154,9
DA:155,9
DA:156,9
DA:157,9
DA:158,9
DA:159,9
DA:160,9
DA:161,9
LF:161
LH:157
BRDA:2,0,0,2
BRDA:2,1,0,0
BRDA:2,2,0,1
BRDA:2,3,0,1
BRDA:2,4,0,9
BRDA:2,5,0,1
BRDA:2,6,0,1
BRDA:2,7,0,2
BRDA:2,8,0,14
BRDA:2,9,0,14
BRDA:2,10,0,21
BRDA:2,11,0,0
BRDA:2,12,0,14
BRDA:2,13,0,7
BRDA:2,14,0,0
BRDA:2,15,0,49
BRDA:2,16,0,56
BRDA:2,17,0,0
BRDA:2,18,0,56
BRDA:2,19,0,0
BRDA:2,20,0,56
BRDA:2,21,0,0
BRDA:2,22,0,0
BRDA:2,23,0,0
BRDA:2,24,0,9
BRDA:2,25,0,0
BRDA:2,26,0,0
BRDA:2,27,0,0
BRDA:2,28,0,9
BRDA:6,29,0,9
BRDA:17,30,0,7
BRDA:19,31,0,7
BRDA:25,32,0,9
BRDA:25,33,0,1
BRDA:25,34,0,2
BRDA:25,35,0,3
BRDA:25,36,0,1
BRDA:38,37,0,1
BRDA:51,38,0,0
BRF:39
BRH:27
end_of_record
