TN:
SF:src\pages\CadastroProduto\CadastroProduto.jsx
FN:2,asyncGeneratorStep
FN:2,_asyncToGenerator
FN:2,_next
FN:2,_throw
FN:2,ownKeys
FN:2,_objectSpread
FN:2,_defineProperty
FN:2,_toPropertyKey
FN:2,_toPrimitive
FN:2,_slicedToArray
FN:2,_nonIterableRest
FN:2,_unsupportedIterableToArray
FN:2,_arrayLikeToArray
FN:2,_iterableToArrayLimit
FN:2,_arrayWithHoles
FN:6,CadastroProduto
FN:17,handleChange
FN:25,_callee
FN:25,_callee$
FNF:19
FNH:14
FNDA:2,asyncGeneratorStep
FNDA:9,_asyncToGenerator
FNDA:2,_next
FNDA:0,_throw
FNDA:14,ownKeys
FNDA:14,_objectSpread
FNDA:56,_defineProperty
FNDA:56,_toPropertyKey
FNDA:56,_toPrimitive
FNDA:9,_slicedToArray
FNDA:0,_nonIterableRest
FNDA:0,_unsupportedIterableToArray
FNDA:0,_arrayLikeToArray
FNDA:0,_iterableToArrayLimit
FNDA:9,_arrayWithHoles
FNDA:9,CadastroProduto
FNDA:7,handleChange
FNDA:1,_callee
FNDA:2,_callee$
DA:1,1
DA:2,9
DA:3,1
DA:4,1
DA:5,1
DA:6,1
DA:7,9
DA:8,9
DA:9,9
DA:10,9
DA:11,9
DA:12,9
DA:13,9
DA:14,9
DA:15,9
DA:16,9
DA:17,9
DA:18,7
DA:19,7
DA:20,7
DA:21,7
DA:22,7
DA:23,9
DA:24,9
DA:25,9
DA:26,1
DA:27,1
DA:28,1
DA:29,1
DA:30,1
DA:31,1
DA:32,1
DA:33,1
DA:34,1
DA:35,1
DA:36,1
DA:37,1
DA:38,1
DA:39,1
DA:40,1
DA:41,1
DA:42,1
DA:43,1
DA:44,1
DA:45,1
DA:46,1
DA:47,1
DA:48,1
DA:49,1
DA:50,1
DA:51,0
DA:52,0
DA:53,0
DA:54,0
DA:55,9
DA:56,9
DA:57,9
DA:58,9
DA:59,9
DA:60,9
DA:61,9
DA:62,9
DA:63,9
DA:64,9
DA:65,9
DA:66,9
DA:67,9
DA:68,9
DA:69,9
DA:70,9
DA:71,9
DA:72,9
DA:73,9
DA:74,9
DA:75,9
DA:76,9
DA:77,9
DA:78,9
DA:79,9
DA:80,9
DA:81,9
DA:82,9
DA:83,9
DA:84,9
DA:85,9
DA:86,9
DA:87,9
DA:88,9
DA:89,9
DA:90,9
DA:91,9
DA:92,9
DA:93,9
DA:94,9
DA:95,9
DA:96,9
DA:97,9
DA:98,9
DA:99,9
DA:100,9
DA:101,9
DA:102,9
DA:103,9
DA:104,9
DA:105,9
DA:106,9
DA:107,9
DA:108,9
DA:109,9
DA:110,9
DA:111,9
DA:112,9
DA:113,9
DA:114,9
DA:115,9
DA:116,9
DA:117,9
DA:118,9
DA:119,9
DA:120,9
DA:121,9
DA:122,9
DA:123,9
DA:124,9
DA:125,9
DA:126,9
DA:127,9
DA:128,9
DA:129,9
DA:130,9
DA:131,9
DA:132,9
DA:133,9
DA:134,9
DA:135,9
DA:136,9
DA:137,9
DA:138,9
DA:139,9
DA:140,9
DA:141,9
DA:142,9
DA:143,9
DA:144,9
DA:145,9
DA:146,9
DA:147,9
DA:148,9
DA:149,9
DA:150,9
DA:151,9
DA:152,9
DA:153,9
DA:154,9
DA:155,9
DA:156,9
DA:157,9
DA:158,9
DA:159,9
DA:160,9
DA:161,9
LF:161
LH:157
BRDA:2,0,0,2
BRDA:2,1,0,0
BRDA:2,2,0,1
BRDA:2,3,0,1
BRDA:2,4,0,9
BRDA:2,5,0,1
BRDA:2,6,0,1
BRDA:2,7,0,2
BRDA:2,8,0,14
BRDA:2,9,0,14
BRDA:2,10,0,21
BRDA:2,11,0,0
BRDA:2,12,0,14
BRDA:2,13,0,7
BRDA:2,14,0,0
BRDA:2,15,0,49
BRDA:2,16,0,56
BRDA:2,17,0,0
BRDA:2,18,0,56
BRDA:2,19,0,0
BRDA:2,20,0,56
BRDA:2,21,0,0
BRDA:2,22,0,0
BRDA:2,23,0,0
BRDA:2,24,0,9
BRDA:2,25,0,0
BRDA:2,26,0,0
BRDA:2,27,0,0
BRDA:2,28,0,9
BRDA:6,29,0,9
BRDA:17,30,0,7
BRDA:19,31,0,7
BRDA:25,32,0,9
BRDA:25,33,0,1
BRDA:25,34,0,2
BRDA:25,35,0,3
BRDA:25,36,0,1
BRDA:38,37,0,1
BRDA:51,38,0,0
BRF:39
BRH:27
end_of_record
TN:
SF:src\pages\Estoque\Estoque.jsx
FN:2,ownKeys
FN:2,_objectSpread
FN:2,_defineProperty
FN:2,_toPropertyKey
FN:2,_toPrimitive
FN:2,asyncGeneratorStep
FN:2,_asyncToGenerator
FN:2,_next
FN:2,_throw
FN:2,_slicedToArray
FN:2,_nonIterableRest
FN:2,_unsupportedIterableToArray
FN:2,_arrayLikeToArray
FN:2,_iterableToArrayLimit
FN:2,_arrayWithHoles
FN:35,EstoquePro
FN:51,_callee
FN:51,_callee$
FN:55,_callee2
FN:55,_callee2$
FN:79,calcMov
FN:108,cell
FN:113,cell
FN:118,accessorFn
FN:119,cell
FN:126,cell
FN:135,cell
FN:143,cell
FN:153,cell
FN:195,handleDelete
FN:196,_handleDelete
FN:203,handleEditChange
FN:207,handleSave
FN:208,_handleSave
FN:223,exportExcel
FN:241,onChange
FN:251,onChange
FN:296,onClick
FN:302,onClick
FN:307,onHide
FN:342,onClick
FNF:41
FNH:13
FNDA:0,ownKeys
FNDA:0,_objectSpread
FNDA:0,_defineProperty
FNDA:0,_toPropertyKey
FNDA:0,_toPrimitive
FNDA:24,asyncGeneratorStep
FNDA:22,_asyncToGenerator
FNDA:24,_next
FNDA:0,_throw
FNDA:88,_slicedToArray
FNDA:0,_nonIterableRest
FNDA:0,_unsupportedIterableToArray
FNDA:0,_arrayLikeToArray
FNDA:0,_iterableToArrayLimit
FNDA:88,_arrayWithHoles
FNDA:11,EstoquePro
FNDA:6,_callee
FNDA:12,_callee$
FNDA:6,_callee2
FNDA:12,_callee2$
FNDA:0,calcMov
FNDA:0,cell
FNDA:0,cell
FNDA:0,accessorFn
FNDA:0,cell
FNDA:0,cell
FNDA:0,cell
FNDA:0,cell
FNDA:0,cell
FNDA:0,handleDelete
FNDA:0,_handleDelete
FNDA:0,handleEditChange
FNDA:0,handleSave
FNDA:0,_handleSave
FNDA:1,exportExcel
FNDA:1,onChange
FNDA:1,onChange
FNDA:0,onClick
FNDA:0,onClick
FNDA:0,onHide
FNDA:0,onClick
DA:1,1
DA:2,88
DA:3,1
DA:4,1
DA:5,1
DA:6,1
DA:7,1
DA:8,1
DA:9,1
DA:10,1
DA:11,1
DA:12,1
DA:13,1
DA:14,1
DA:15,1
DA:16,1
DA:17,1
DA:18,1
DA:19,1
DA:20,1
DA:21,1
DA:22,1
DA:23,1
DA:24,1
DA:25,1
DA:26,1
DA:27,1
DA:28,1
DA:29,1
DA:30,1
DA:31,1
DA:32,1
DA:33,1
DA:34,1
DA:35,1
DA:36,11
DA:37,11
DA:38,11
DA:39,11
DA:40,11
DA:41,11
DA:42,11
DA:43,11
DA:44,11
DA:45,11
DA:46,11
DA:47,11
DA:48,11
DA:49,11
DA:50,11
DA:51,11
DA:52,6
DA:53,6
DA:54,11
DA:55,11
DA:56,6
DA:57,6
DA:58,11
DA:59,11
DA:60,11
DA:61,11
DA:62,11
DA:63,11
DA:64,11
DA:65,11
DA:66,11
DA:67,11
DA:68,11
DA:69,11
DA:70,6
DA:71,6
DA:72,11
DA:73,11
DA:74,11
DA:75,7
DA:76,11
DA:77,11
DA:78,11
DA:79,11
DA:80,0
DA:81,0
DA:82,0
DA:83,11
DA:84,11
DA:85,11
DA:86,11
DA:87,8
DA:88,0
DA:89,0
DA:90,0
DA:91,0
DA:92,8
DA:93,11
DA:94,11
DA:95,11
DA:96,11
DA:97,11
DA:98,8
DA:99,8
DA:100,8
DA:101,8
DA:102,8
DA:103,8
DA:104,2
DA:105,2
DA:106,2
DA:107,2
DA:108,2
DA:109,2
DA:110,2
DA:111,2
DA:112,2
DA:113,2
DA:114,2
DA:115,2
DA:116,2
DA:117,2
DA:118,2
DA:119,2
DA:120,2
DA:121,2
DA:122,8
DA:123,6
DA:124,6
DA:125,6
DA:126,6
DA:127,6
DA:128,6
DA:129,8
DA:130,8
DA:131,8
DA:132,8
DA:133,8
DA:134,8
DA:135,8
DA:136,8
DA:137,8
DA:138,8
DA:139,8
DA:140,8
DA:141,8
DA:142,8
DA:143,8
DA:144,0
DA:145,0
DA:146,0
DA:147,0
DA:148,0
DA:149,8
DA:150,8
DA:151,8
DA:152,8
DA:153,8
DA:154,0
DA:155,0
DA:156,0
DA:157,0
DA:158,0
DA:159,0
DA:160,0
DA:161,0
DA:162,0
DA:163,0
DA:164,0
DA:165,0
DA:166,0
DA:167,0
DA:168,0
DA:169,0
DA:170,8
DA:171,8
DA:172,8
DA:173,11
DA:174,11
DA:175,11
DA:176,11
DA:177,11
DA:178,11
DA:179,10
DA:180,0
DA:181,0
DA:182,0
DA:183,10
DA:184,11
DA:185,11
DA:186,11
DA:187,11
DA:188,11
DA:189,11
DA:190,11
DA:191,11
DA:192,11
DA:193,11
DA:194,11
DA:195,11
DA:196,11
DA:197,0
DA:198,0
DA:199,0
DA:200,0
DA:201,0
DA:202,11
DA:203,11
DA:204,0
DA:205,0
DA:206,0
DA:207,0
DA:208,0
DA:209,0
DA:210,0
DA:211,0
DA:212,0
DA:213,0
DA:214,0
DA:215,0
DA:216,0
DA:217,0
DA:218,0
DA:219,0
DA:220,0
DA:221,0
DA:222,11
DA:223,11
DA:224,1
DA:225,1
DA:226,1
DA:227,1
DA:228,1
DA:229,1
DA:230,11
DA:231,11
DA:232,11
DA:233,11
DA:234,11
DA:235,11
DA:236,11
DA:237,11
DA:238,11
DA:239,11
DA:240,11
DA:241,11
DA:242,11
DA:243,11
DA:244,11
DA:245,11
DA:246,11
DA:247,11
DA:248,11
DA:249,11
DA:250,11
DA:251,11
DA:252,11
DA:253,11
DA:254,11
DA:255,11
DA:256,11
DA:257,11
DA:258,11
DA:259,11
DA:260,11
DA:261,11
DA:262,11
DA:263,11
DA:264,11
DA:265,11
DA:266,11
DA:267,116
DA:268,116
DA:269,116
DA:270,116
DA:271,116
DA:272,116
DA:273,116
DA:274,116
DA:275,116
DA:276,116
DA:277,116
DA:278,116
DA:279,116
DA:280,11
DA:281,11
DA:282,11
DA:283,11
DA:284,11
DA:285,11
DA:286,0
DA:287,0
DA:288,0
DA:289,0
DA:290,0
DA:291,11
DA:292,11
DA:293,11
DA:294,11
DA:295,11
DA:296,11
DA:297,11
DA:298,11
DA:299,11
DA:300,11
DA:301,11
DA:302,11
DA:303,11
DA:304,11
DA:305,11
DA:306,11
DA:307,11
DA:308,11
DA:309,11
DA:310,11
DA:311,11
DA:312,11
DA:313,0
DA:314,0
DA:315,0
DA:316,0
DA:317,0
DA:318,0
DA:319,0
DA:320,0
DA:321,0
DA:322,0
DA:323,0
DA:324,0
DA:325,0
DA:326,0
DA:327,0
DA:328,0
DA:329,0
DA:330,0
DA:331,0
DA:332,0
DA:333,0
DA:334,0
DA:335,0
DA:336,0
DA:337,0
DA:338,0
DA:339,0
DA:340,11
DA:341,11
DA:342,11
DA:343,11
DA:344,11
DA:345,11
DA:346,11
DA:347,11
DA:348,11
DA:349,11
DA:350,11
DA:351,11
DA:352,11
LF:352
LH:266
BRDA:2,0,0,24
BRDA:2,1,0,0
BRDA:2,2,0,12
BRDA:2,3,0,12
BRDA:2,4,0,22
BRDA:2,5,0,12
BRDA:2,6,0,12
BRDA:2,7,0,24
BRDA:2,8,0,88
BRDA:2,9,0,0
BRDA:2,10,0,0
BRDA:2,11,0,0
BRDA:2,12,0,88
BRDA:35,13,0,11
BRDA:249,14,0,1
BRDA:249,15,0,10
BRDA:312,16,0,0
BRDA:44,17,0,6
BRDA:51,18,0,11
BRDA:51,19,0,6
BRDA:51,20,0,12
BRDA:51,21,0,6
BRDA:52,22,0,6
BRDA:55,23,0,11
BRDA:55,24,0,6
BRDA:55,25,0,12
BRDA:55,26,0,6
BRDA:56,27,0,6
BRDA:61,28,0,11
BRDA:63,29,0,11
BRDA:64,30,0,0
BRDA:69,31,0,6
BRDA:74,32,0,7
BRDA:86,33,0,8
BRDA:97,34,0,8
BRDA:103,35,0,2
BRDA:122,36,0,6
BRDA:178,37,0,10
BRDA:223,38,0,1
BRDA:241,39,0,1
BRDA:251,40,0,1
BRDA:251,41,0,1
BRDA:264,42,0,11
BRDA:266,43,0,116
BRDA:272,44,0,105
BRDA:272,45,0,11
BRDA:277,46,0,0
BRDA:277,47,0,0
BRF:48
BRH:40
end_of_record
TN:
SF:src\pages\LancamentoEntradaSaida\LancamentoEntradaSaida.jsx
FN:2,ownKeys
FN:2,_objectSpread
FN:2,_defineProperty
FN:2,_toPropertyKey
FN:2,_toPrimitive
FN:2,asyncGeneratorStep
FN:2,_asyncToGenerator
FN:2,_next
FN:2,_throw
FN:2,_slicedToArray
FN:2,_nonIterableRest
FN:2,_unsupportedIterableToArray
FN:2,_arrayLikeToArray
FN:2,_iterableToArrayLimit
FN:2,_arrayWithHoles
FN:12,LancamentoEntradaSaida
FN:23,_callee
FN:23,_callee$
FN:33,handleChange
FN:38,calculaEstoqueAtual
FN:52,_callee2
FN:52,_callee2$
FNF:22
FNH:17
FNDA:16,ownKeys
FNDA:16,_objectSpread
FNDA:32,_defineProperty
FNDA:32,_toPropertyKey
FNDA:32,_toPrimitive
FNDA:17,asyncGeneratorStep
FNDA:18,_asyncToGenerator
FNDA:17,_next
FNDA:0,_throw
FNDA:42,_slicedToArray
FNDA:0,_nonIterableRest
FNDA:0,_unsupportedIterableToArray
FNDA:0,_arrayLikeToArray
FNDA:0,_iterableToArrayLimit
FNDA:42,_arrayWithHoles
FNDA:14,LancamentoEntradaSaida
FNDA:4,_callee
FNDA:12,_callee$
FNDA:6,handleChange
FNDA:12,calculaEstoqueAtual
FNDA:3,_callee2
FNDA:7,_callee2$
DA:1,1
DA:2,42
DA:3,1
DA:4,1
DA:5,1
DA:6,1
DA:7,1
DA:8,1
DA:9,1
DA:10,1
DA:11,1
DA:12,1
DA:13,14
DA:14,14
DA:15,14
DA:16,14
DA:17,14
DA:18,14
DA:19,14
DA:20,14
DA:21,14
DA:22,14
DA:23,4
DA:24,4
DA:25,4
DA:26,4
DA:27,4
DA:28,4
DA:29,4
DA:30,4
DA:31,14
DA:32,14
DA:33,14
DA:34,6
DA:35,6
DA:36,14
DA:37,14
DA:38,14
DA:39,12
DA:40,12
DA:41,12
DA:42,12
DA:43,12
DA:44,12
DA:45,12
DA:46,12
DA:47,12
DA:48,12
DA:49,12
DA:50,14
DA:51,14
DA:52,14
DA:53,3
DA:54,3
DA:55,3
DA:56,1
DA:57,2
DA:58,2
DA:59,2
DA:60,2
DA:61,2
DA:62,2
DA:63,2
DA:64,1
DA:65,1
DA:66,1
DA:67,1
DA:68,1
DA:69,1
DA:70,1
DA:71,1
DA:72,1
DA:73,1
DA:74,1
DA:75,1
DA:76,1
DA:77,1
DA:78,1
DA:79,1
DA:80,0
DA:81,0
DA:82,0
DA:83,14
DA:84,14
DA:85,14
DA:86,14
DA:87,14
DA:88,14
DA:89,14
DA:90,14
DA:91,14
DA:92,14
DA:93,14
DA:94,14
DA:95,14
DA:96,14
DA:97,14
DA:98,14
DA:99,14
DA:100,14
DA:101,14
DA:102,14
DA:103,14
DA:104,14
DA:105,14
DA:106,14
DA:107,14
DA:108,14
DA:109,14
DA:110,14
DA:111,14
DA:112,14
DA:113,14
DA:114,14
DA:115,14
DA:116,14
DA:117,14
DA:118,14
DA:119,14
DA:120,14
DA:121,14
DA:122,10
DA:123,10
DA:124,10
DA:125,14
DA:126,14
DA:127,14
DA:128,14
DA:129,14
DA:130,14
DA:131,14
DA:132,14
DA:133,14
DA:134,14
DA:135,14
DA:136,14
DA:137,14
DA:138,14
DA:139,14
DA:140,14
DA:141,14
DA:142,14
DA:143,14
DA:144,14
DA:145,14
DA:146,14
DA:147,14
DA:148,14
DA:149,14
DA:150,14
LF:150
LH:147
BRDA:2,0,0,16
BRDA:2,1,0,16
BRDA:2,2,0,22
BRDA:2,3,0,0
BRDA:2,4,0,16
BRDA:2,5,0,6
BRDA:2,6,0,0
BRDA:2,7,0,26
BRDA:2,8,0,32
BRDA:2,9,0,0
BRDA:2,10,0,32
BRDA:2,11,0,0
BRDA:2,12,0,32
BRDA:2,13,0,0
BRDA:2,14,0,0
BRDA:2,15,0,0
BRDA:2,16,0,17
BRDA:2,17,0,0
BRDA:2,18,0,7
BRDA:2,19,0,10
BRDA:2,20,0,18
BRDA:2,21,0,7
BRDA:2,22,0,7
BRDA:2,23,0,17
BRDA:2,24,0,42
BRDA:2,25,0,0
BRDA:2,26,0,0
BRDA:2,27,0,0
BRDA:2,28,0,42
BRDA:12,29,0,14
BRDA:22,30,0,4
BRDA:23,31,0,4
BRDA:23,32,0,4
BRDA:23,33,0,12
BRDA:23,34,0,4
BRDA:24,35,0,4
BRDA:27,36,0,4
BRDA:25,37,0,4
BRDA:33,38,0,6
BRDA:35,39,0,6
BRDA:38,40,0,12
BRDA:40,41,0,0
BRDA:39,42,0,12
BRDA:52,43,0,14
BRDA:52,44,0,3
BRDA:52,45,0,7
BRDA:52,46,0,11
BRDA:52,47,0,3
BRDA:55,48,0,2
BRDA:55,49,0,2
BRDA:55,50,0,2
BRDA:55,51,0,1
BRDA:57,52,0,2
BRDA:63,53,0,1
BRDA:63,54,0,1
BRDA:65,55,0,1
BRDA:74,56,0,1
BRDA:77,57,0,1
BRDA:80,58,0,0
BRDA:121,59,0,10
BRF:60
BRH:47
end_of_record
TN:
SF:src\pages\Login\Login.jsx
FN:2,asyncGeneratorStep
FN:2,_asyncToGenerator
FN:2,_next
FN:2,_throw
FN:2,_slicedToArray
FN:2,_nonIterableRest
FN:2,_unsupportedIterableToArray
FN:2,_arrayLikeToArray
FN:2,_iterableToArrayLimit
FN:2,_arrayWithHoles
FN:8,Login
FN:15,_callee
FN:15,_callee$
FN:42,onChange
FN:52,onChange
FNF:15
FNH:11
FNDA:6,asyncGeneratorStep
FNDA:18,_asyncToGenerator
FNDA:5,_next
FNDA:1,_throw
FNDA:72,_slicedToArray
FNDA:0,_nonIterableRest
FNDA:0,_unsupportedIterableToArray
FNDA:0,_arrayLikeToArray
FNDA:0,_iterableToArrayLimit
FNDA:72,_arrayWithHoles
FNDA:18,Login
FNDA:3,_callee
FNDA:9,_callee$
FNDA:4,onChange
FNDA:4,onChange
DA:1,1
DA:2,72
DA:3,1
DA:4,1
DA:5,1
DA:6,1
DA:7,1
DA:8,1
DA:9,18
DA:10,18
DA:11,18
DA:12,18
DA:13,18
DA:14,18
DA:15,18
DA:16,3
DA:17,3
DA:18,3
DA:19,3
DA:20,3
DA:21,2
DA:22,1
DA:23,1
DA:24,1
DA:25,3
DA:26,3
DA:27,18
DA:28,18
DA:29,18
DA:30,18
DA:31,18
DA:32,18
DA:33,18
DA:34,18
DA:35,18
DA:36,18
DA:37,18
DA:38,18
DA:39,18
DA:40,18
DA:41,18
DA:42,18
DA:43,18
DA:44,18
DA:45,18
DA:46,18
DA:47,18
DA:48,18
DA:49,18
DA:50,18
DA:51,18
DA:52,18
DA:53,18
DA:54,18
DA:55,18
DA:56,18
DA:57,18
DA:58,18
DA:59,18
DA:60,18
DA:61,18
DA:62,18
DA:63,18
LF:63
LH:63
BRDA:2,0,0,6
BRDA:2,1,0,0
BRDA:2,2,0,3
BRDA:2,3,0,3
BRDA:2,4,0,18
BRDA:2,5,0,3
BRDA:2,6,0,3
BRDA:2,7,0,5
BRDA:2,8,0,1
BRDA:2,9,0,72
BRDA:2,10,0,0
BRDA:2,11,0,0
BRDA:2,12,0,0
BRDA:2,13,0,72
BRDA:8,14,0,18
BRDA:35,15,0,1
BRDA:58,16,0,3
BRDA:58,17,0,15
BRDA:15,18,0,18
BRDA:15,19,0,3
BRDA:15,20,0,9
BRDA:15,21,0,11
BRDA:15,22,0,3
BRDA:20,23,0,2
BRDA:21,24,0,1
BRDA:25,25,0,3
BRDA:42,26,0,4
BRDA:52,27,0,4
BRF:28
BRH:24
end_of_record
